nohup: ignoring input
12/29 03:42:21 - mmengine - WARNING - Failed to search registry with scope "mmyolo" in the "log_processor" registry tree. As a workaround, the current "log_processor" registry in "mmengine" is used to build instance. This may cause unexpected failure when running the built modules. Please check whether "mmyolo" is a correct scope, or whether the registry is initialized.
12/29 03:42:22 - mmengine - INFO - 
------------------------------------------------------------
System environment:
    sys.platform: linux
    Python: 3.8.18 (default, Sep 11 2023, 13:40:15) [GCC 11.2.0]
    CUDA available: True
    numpy_random_seed: 836333332
    GPU 0,1,2,3,4,5,6,7: NVIDIA A100-SXM4-40GB
    CUDA_HOME: /usr
    NVCC: Cuda compilation tools, release 11.5, V11.5.119
    GCC: gcc (Ubuntu 11.4.0-1ubuntu1~22.04) 11.4.0
    PyTorch: 1.10.1
    PyTorch compiling details: PyTorch built with:
  - GCC 7.3
  - C++ Version: 201402
  - Intel(R) oneAPI Math Kernel Library Version 2023.1-Product Build 20230303 for Intel(R) 64 architecture applications
  - Intel(R) MKL-DNN v2.2.3 (Git Hash 7336ca9f055cf1bfa13efb658fe15dc9b41f0740)
  - OpenMP 201511 (a.k.a. OpenMP 4.5)
  - LAPACK is enabled (usually provided by MKL)
  - NNPACK is enabled
  - CPU capability usage: AVX512
  - CUDA Runtime 11.3
  - NVCC architecture flags: -gencode;arch=compute_37,code=sm_37;-gencode;arch=compute_50,code=sm_50;-gencode;arch=compute_60,code=sm_60;-gencode;arch=compute_61,code=sm_61;-gencode;arch=compute_70,code=sm_70;-gencode;arch=compute_75,code=sm_75;-gencode;arch=compute_80,code=sm_80;-gencode;arch=compute_86,code=sm_86;-gencode;arch=compute_37,code=compute_37
  - CuDNN 8.2
  - Magma 2.5.2
  - Build settings: BLAS_INFO=mkl, BUILD_TYPE=Release, CUDA_VERSION=11.3, CUDNN_VERSION=8.2.0, CXX_COMPILER=/opt/rh/devtoolset-7/root/usr/bin/c++, CXX_FLAGS= -Wno-deprecated -fvisibility-inlines-hidden -DUSE_PTHREADPOOL -fopenmp -DNDEBUG -DUSE_KINETO -DUSE_FBGEMM -DUSE_QNNPACK -DUSE_PYTORCH_QNNPACK -DUSE_XNNPACK -DSYMBOLICATE_MOBILE_DEBUG_HANDLE -DEDGE_PROFILER_USE_KINETO -O2 -fPIC -Wno-narrowing -Wall -Wextra -Werror=return-type -Wno-missing-field-initializers -Wno-type-limits -Wno-array-bounds -Wno-unknown-pragmas -Wno-sign-compare -Wno-unused-parameter -Wno-unused-variable -Wno-unused-function -Wno-unused-result -Wno-unused-local-typedefs -Wno-strict-overflow -Wno-strict-aliasing -Wno-error=deprecated-declarations -Wno-stringop-overflow -Wno-psabi -Wno-error=pedantic -Wno-error=redundant-decls -Wno-error=old-style-cast -fdiagnostics-color=always -faligned-new -Wno-unused-but-set-variable -Wno-maybe-uninitialized -fno-math-errno -fno-trapping-math -Werror=format -Wno-stringop-overflow, LAPACK_INFO=mkl, PERF_WITH_AVX=1, PERF_WITH_AVX2=1, PERF_WITH_AVX512=1, TORCH_VERSION=1.10.1, USE_CUDA=ON, USE_CUDNN=ON, USE_EXCEPTION_PTR=1, USE_GFLAGS=OFF, USE_GLOG=OFF, USE_MKL=ON, USE_MKLDNN=ON, USE_MPI=OFF, USE_NCCL=ON, USE_NNPACK=ON, USE_OPENMP=ON, 

    TorchVision: 0.11.2
    OpenCV: 4.8.1
    MMEngine: 0.10.1

Runtime environment:
    cudnn_benchmark: True
    mp_cfg: {'mp_start_method': 'fork', 'opencv_num_threads': 0}
    dist_cfg: {'backend': 'nccl'}
    seed: 836333332
    Distributed launcher: none
    Distributed training: False
    GPU number: 1
------------------------------------------------------------

12/29 03:42:22 - mmengine - INFO - Config:
_file_client_args = dict(backend='disk')
_multiscale_resize_transforms = [
    dict(
        transforms=[
            dict(scale=(
                640,
                640,
            ), type='YOLOv5KeepRatioResize'),
            dict(
                allow_scale_up=False,
                pad_val=dict(img=114),
                scale=(
                    640,
                    640,
                ),
                type='LetterResize'),
        ],
        type='Compose'),
    dict(
        transforms=[
            dict(scale=(
                320,
                320,
            ), type='YOLOv5KeepRatioResize'),
            dict(
                allow_scale_up=False,
                pad_val=dict(img=114),
                scale=(
                    320,
                    320,
                ),
                type='LetterResize'),
        ],
        type='Compose'),
    dict(
        transforms=[
            dict(scale=(
                960,
                960,
            ), type='YOLOv5KeepRatioResize'),
            dict(
                allow_scale_up=False,
                pad_val=dict(img=114),
                scale=(
                    960,
                    960,
                ),
                type='LetterResize'),
        ],
        type='Compose'),
]
affine_scale = 0.5
albu_train_transforms = [
    dict(p=0.01, type='Blur'),
    dict(p=0.01, type='MedianBlur'),
    dict(p=0.01, type='ToGray'),
    dict(p=0.01, type='CLAHE'),
]
base_lr = 0.01
batch_shapes_cfg = None
close_mosaic_epochs = 10
data_root = '/home/radu.berdan/datasets/cocoraw-v1/'
dataset_type = 'YOLOv5CocoDataset'
deepen_factor = 0.33
default_hooks = dict(
    checkpoint=dict(
        interval=1, max_keep_ckpts=2, save_best='auto', type='CheckpointHook'),
    logger=dict(
        interval=50,
        out_dir=
        './runs/runs-cocoraw-v1-2b-finetune/1703821341_yolo-x_r-640_norm-max_finetuned-rggb_d-cocoraw-v1-nod+nod_0',
        type='LoggerHook'),
    param_scheduler=dict(type='ParamSchedulerHook'),
    sampler_seed=dict(type='DistSamplerSeedHook'),
    timer=dict(type='IterTimerHook'),
    visualization=dict(type='mmdet.DetVisualizationHook'))
default_scope = 'mmyolo'
env_cfg = dict(
    cudnn_benchmark=True,
    dist_cfg=dict(backend='nccl'),
    mp_cfg=dict(mp_start_method='fork', opencv_num_threads=0))
file_client_args = dict(backend='disk')
img_scale = (
    512,
    512,
)
img_scales = [
    (
        640,
        640,
    ),
    (
        320,
        320,
    ),
    (
        960,
        960,
    ),
]
img_type = 'rggb'
input_channels = 3
last_stage_out_channels = 1024
last_transform = [
    dict(prob=0.5, type='mmdet.RandomFlip'),
    dict(
        meta_keys=(
            'img_id',
            'img_path',
            'ori_shape',
            'img_shape',
            'flip',
            'flip_direction',
        ),
        type='mmdet.PackDetInputs'),
]
load_from = None
log_level = 'INFO'
log_processor = dict(by_epoch=True, type='LogProcessor', window_size=50)
loss_bbox_weight = 7.5
loss_cls_weight = 0.5
loss_dfl_weight = 0.375
lr_factor = 0.01
max_aspect_ratio = 100
max_epochs = 500
max_keep_ckpts = 2
model = dict(
    backbone=dict(
        act_cfg=dict(inplace=True, type='SiLU'),
        arch='P5',
        deepen_factor=1,
        input_channels=4,
        last_stage_out_channels=512,
        norm_cfg=dict(eps=0.001, momentum=0.03, type='BN'),
        preproc='norm-max',
        preproc_params=dict(
            hidden_size=32,
            mean=[
                0.10164573,
                0.18464398,
                0.18523392,
                0.14850278,
            ],
            n_layers=4,
            n_params=3,
            name='norm-max',
            rggb_max=16384,
            scale_test=1,
            std=[
                0.01161111,
                0.0380951,
                0.03821255,
                0.02815485,
            ],
            value=1),
        type='YOLOv8CSPDarknetPreproc',
        widen_factor=1.25),
    bbox_head=dict(
        bbox_coder=dict(type='DistancePointBBoxCoder'),
        head_module=dict(
            act_cfg=dict(inplace=True, type='SiLU'),
            featmap_strides=[
                8,
                16,
                32,
            ],
            in_channels=[
                256,
                512,
                512,
            ],
            norm_cfg=dict(eps=0.001, momentum=0.03, type='BN'),
            num_classes=3,
            reg_max=16,
            type='YOLOv8HeadModule',
            widen_factor=1.25),
        loss_bbox=dict(
            bbox_format='xyxy',
            iou_mode='ciou',
            loss_weight=7.5,
            reduction='sum',
            return_iou=False,
            type='IoULoss'),
        loss_cls=dict(
            loss_weight=0.5,
            reduction='none',
            type='mmdet.CrossEntropyLoss',
            use_sigmoid=True),
        loss_dfl=dict(
            loss_weight=0.375,
            reduction='mean',
            type='mmdet.DistributionFocalLoss'),
        prior_generator=dict(
            offset=0.5, strides=[
                8,
                16,
                32,
            ], type='mmdet.MlvlPointGenerator'),
        type='YOLOv8Head'),
    data_preprocessor=dict(
        bgr_to_rgb=False,
        mean=[
            0.0,
            0.0,
            0.0,
            0.0,
        ],
        std=[
            1,
            1,
            1,
            1,
        ],
        type='YOLOv5DetDataPreprocessor'),
    neck=dict(
        act_cfg=dict(inplace=True, type='SiLU'),
        deepen_factor=1,
        in_channels=[
            256,
            512,
            512,
        ],
        norm_cfg=dict(eps=0.001, momentum=0.03, type='BN'),
        num_csp_blocks=3,
        out_channels=[
            256,
            512,
            512,
        ],
        type='YOLOv8PAFPN',
        widen_factor=1.25),
    test_cfg=dict(
        max_per_img=300,
        multi_label=True,
        nms=dict(iou_threshold=0.7, type='nms'),
        nms_pre=30000,
        score_thr=0.001),
    train_cfg=dict(
        assigner=dict(
            alpha=0.5,
            beta=6.0,
            eps=1e-09,
            num_classes=3,
            topk=10,
            type='BatchTaskAlignedAssigner',
            use_ciou=True)),
    type='YOLODetector')
model_test_cfg = dict(
    max_per_img=300,
    multi_label=True,
    nms=dict(iou_threshold=0.7, type='nms'),
    nms_pre=30000,
    score_thr=0.001)
norm_cfg = dict(eps=0.001, momentum=0.03, type='BN')
num_classes = 80
num_det_layers = 3
optim_wrapper = dict(
    clip_grad=dict(max_norm=10.0),
    constructor='YOLOv5OptimizerConstructor',
    optimizer=dict(
        batch_size_per_gpu=16,
        lr=0.001,
        momentum=0.937,
        nesterov=True,
        type='SGD',
        weight_decay=0.0005),
    type='OptimWrapper')
optimizer_config = dict(
    cumulative_iters=4, type='GradientCumulativeOptimizerHook')
pad_val = 0
persistent_workers = True
pre_transform = [
    dict(
        file_client_args=dict(backend='disk'),
        img_type='rggb',
        type='LoadImageFromFile'),
    dict(type='LoadAnnotations', with_bbox=True),
]
resume = False
save_epoch_intervals = 1
strides = [
    8,
    16,
    32,
]
tal_alpha = 0.5
tal_beta = 6.0
tal_topk = 10
test_cfg = dict(type='TestLoop')
test_dataloader = dict(
    batch_size=16,
    dataset=dict(
        ann_file='annotations/raw_new_Nikon750_test_flip.json',
        batch_shapes_cfg=None,
        data_prefix=dict(img='raw/'),
        data_root='/home/radu.berdan/datasets/NOD_h400/',
        pipeline=[
            dict(
                file_client_args=dict(backend='disk'),
                scale=1,
                type='LoadImageFromFileRAW'),
            dict(type='LoadAnnotations', with_bbox=True),
            dict(
                allow_scale_up=False,
                pad_val=dict(img=0),
                scale=(
                    640,
                    640,
                ),
                type='LetterResize'),
            dict(_scope_='mmdet', type='LoadAnnotations', with_bbox=True),
            dict(
                meta_keys=(
                    'img_id',
                    'img_path',
                    'ori_shape',
                    'img_shape',
                    'scale_factor',
                    'pad_param',
                ),
                type='mmdet.PackDetInputs'),
        ],
        test_mode=True,
        type='YOLOv5CocoDataset'),
    drop_last=False,
    num_workers=2,
    persistent_workers=True,
    pin_memory=True,
    sampler=dict(shuffle=False, type='DefaultSampler'))
test_evaluator = dict(
    ann_file=
    '/home/radu.berdan/datasets/NOD_h400/annotations/raw_new_Nikon750_test_flip.json',
    metric='bbox',
    proposal_nums=(
        100,
        1,
        10,
    ),
    type='mmdet.CocoMetric')
test_pipeline = [
    dict(
        file_client_args=dict(backend='disk'),
        img_type='rggb',
        type='LoadImageFromFile'),
    dict(scale=(
        512,
        512,
    ), type='YOLOv5KeepRatioResize'),
    dict(
        allow_scale_up=False,
        pad_val=dict(img=0),
        scale=(
            512,
            512,
        ),
        type='LetterResize'),
    dict(_scope_='mmdet', type='LoadAnnotations', with_bbox=True),
    dict(
        meta_keys=(
            'img_id',
            'img_path',
            'ori_shape',
            'img_shape',
            'scale_factor',
            'pad_param',
        ),
        type='mmdet.PackDetInputs'),
]
train_ann_file = 'annotations/instances_train2017_3cat.json'
train_batch_size_per_gpu = 16
train_cfg = dict(
    dynamic_intervals=[],
    max_epochs=20,
    type='EpochBasedTrainLoop',
    val_interval=1)
train_data_prefix = 'images/train2017/'
train_dataloader = dict(
    batch_size=16,
    collate_fn=dict(type='yolov5_collate'),
    dataset=dict(
        ann_file='annotations/cocoraw-v1-nod+nod_train_0.json',
        data_prefix=dict(img=''),
        data_root='/home/radu.berdan/datasets/',
        filter_cfg=dict(filter_empty_gt=False, min_size=32),
        pipeline=[
            dict(
                file_client_args=dict(backend='disk'),
                scale=1,
                type='LoadImageFromFileRAW'),
            dict(type='LoadAnnotations', with_bbox=True),
            dict(scale=(
                640,
                640,
            ), type='YOLOv5KeepRatioResize'),
            dict(
                allow_scale_up=False,
                pad_val=dict(img=0),
                scale=(
                    640,
                    640,
                ),
                type='LetterResize'),
            dict(prob=0.5, type='mmdet.RandomFlip'),
            dict(
                meta_keys=(
                    'img_id',
                    'img_path',
                    'ori_shape',
                    'img_shape',
                    'flip',
                    'flip_direction',
                ),
                type='mmdet.PackDetInputs'),
        ],
        type='YOLOv5CocoDataset'),
    num_workers=8,
    persistent_workers=True,
    pin_memory=True,
    sampler=dict(shuffle=True, type='DefaultSampler'))
train_num_workers = 8
train_pipeline = [
    dict(
        file_client_args=dict(backend='disk'),
        img_type='rggb',
        type='LoadImageFromFile'),
    dict(type='LoadAnnotations', with_bbox=True),
    dict(scale=(
        512,
        512,
    ), type='YOLOv5KeepRatioResize'),
    dict(
        allow_scale_up=False,
        pad_val=dict(img=0),
        scale=(
            512,
            512,
        ),
        type='LetterResize'),
    dict(prob=0.5, type='mmdet.RandomFlip'),
    dict(
        meta_keys=(
            'img_id',
            'img_path',
            'ori_shape',
            'img_shape',
            'flip',
            'flip_direction',
        ),
        type='mmdet.PackDetInputs'),
]
train_pipeline_stage2 = [
    dict(file_client_args=dict(backend='disk'), type='LoadImageFromFile'),
    dict(type='LoadAnnotations', with_bbox=True),
    dict(scale=(
        640,
        640,
    ), type='YOLOv5KeepRatioResize'),
    dict(
        allow_scale_up=True,
        pad_val=dict(img=114.0),
        scale=(
            640,
            640,
        ),
        type='LetterResize'),
    dict(
        border_val=(
            114,
            114,
            114,
        ),
        max_aspect_ratio=100,
        max_rotate_degree=0.0,
        max_shear_degree=0.0,
        scaling_ratio_range=(
            0.5,
            1.5,
        ),
        type='YOLOv5RandomAffine'),
    dict(
        bbox_params=dict(
            format='pascal_voc',
            label_fields=[
                'gt_bboxes_labels',
                'gt_ignore_flags',
            ],
            type='BboxParams'),
        keymap=dict(gt_bboxes='bboxes', img='image'),
        transforms=[
            dict(p=0.01, type='Blur'),
            dict(p=0.01, type='MedianBlur'),
            dict(p=0.01, type='ToGray'),
            dict(p=0.01, type='CLAHE'),
        ],
        type='mmdet.Albu'),
    dict(type='YOLOv5HSVRandomAug'),
    dict(prob=0.5, type='mmdet.RandomFlip'),
    dict(
        meta_keys=(
            'img_id',
            'img_path',
            'ori_shape',
            'img_shape',
            'flip',
            'flip_direction',
        ),
        type='mmdet.PackDetInputs'),
]
tta_model = dict(
    tta_cfg=dict(max_per_img=300, nms=dict(iou_threshold=0.65, type='nms')),
    type='mmdet.DetTTAModel')
tta_pipeline = [
    dict(file_client_args=dict(backend='disk'), type='LoadImageFromFile'),
    dict(
        transforms=[
            [
                dict(
                    transforms=[
                        dict(scale=(
                            640,
                            640,
                        ), type='YOLOv5KeepRatioResize'),
                        dict(
                            allow_scale_up=False,
                            pad_val=dict(img=114),
                            scale=(
                                640,
                                640,
                            ),
                            type='LetterResize'),
                    ],
                    type='Compose'),
                dict(
                    transforms=[
                        dict(scale=(
                            320,
                            320,
                        ), type='YOLOv5KeepRatioResize'),
                        dict(
                            allow_scale_up=False,
                            pad_val=dict(img=114),
                            scale=(
                                320,
                                320,
                            ),
                            type='LetterResize'),
                    ],
                    type='Compose'),
                dict(
                    transforms=[
                        dict(scale=(
                            960,
                            960,
                        ), type='YOLOv5KeepRatioResize'),
                        dict(
                            allow_scale_up=False,
                            pad_val=dict(img=114),
                            scale=(
                                960,
                                960,
                            ),
                            type='LetterResize'),
                    ],
                    type='Compose'),
            ],
            [
                dict(prob=1.0, type='mmdet.RandomFlip'),
                dict(prob=0.0, type='mmdet.RandomFlip'),
            ],
            [
                dict(type='mmdet.LoadAnnotations', with_bbox=True),
            ],
            [
                dict(
                    meta_keys=(
                        'img_id',
                        'img_path',
                        'ori_shape',
                        'img_shape',
                        'scale_factor',
                        'pad_param',
                        'flip',
                        'flip_direction',
                    ),
                    type='mmdet.PackDetInputs'),
            ],
        ],
        type='TestTimeAug'),
]
val_ann_file = 'annotations/instances_val2017_3cat.json'
val_batch_size_per_gpu = 16
val_cfg = dict(type='ValLoop')
val_data_prefix = 'images/val2017/'
val_dataloader = dict(
    batch_size=16,
    dataset=dict(
        ann_file='annotations/raw_new_Nikon750_test_flip.json',
        batch_shapes_cfg=None,
        data_prefix=dict(img='raw/'),
        data_root='/home/radu.berdan/datasets/NOD_h400/',
        pipeline=[
            dict(
                file_client_args=dict(backend='disk'),
                scale=1,
                type='LoadImageFromFileRAW'),
            dict(type='LoadAnnotations', with_bbox=True),
            dict(
                allow_scale_up=False,
                pad_val=dict(img=0),
                scale=(
                    640,
                    640,
                ),
                type='LetterResize'),
            dict(_scope_='mmdet', type='LoadAnnotations', with_bbox=True),
            dict(
                meta_keys=(
                    'img_id',
                    'img_path',
                    'ori_shape',
                    'img_shape',
                    'scale_factor',
                    'pad_param',
                ),
                type='mmdet.PackDetInputs'),
        ],
        test_mode=True,
        type='YOLOv5CocoDataset'),
    drop_last=False,
    num_workers=2,
    persistent_workers=True,
    pin_memory=True,
    sampler=dict(shuffle=False, type='DefaultSampler'))
val_evaluator = dict(
    ann_file=
    '/home/radu.berdan/datasets/NOD_h400/annotations/raw_new_Nikon750_test_flip.json',
    metric='bbox',
    proposal_nums=(
        100,
        1,
        10,
    ),
    type='mmdet.CocoMetric')
val_interval_stage2 = 1
val_num_workers = 2
vis_backends = [
    dict(type='LocalVisBackend'),
]
visualizer = dict(
    name='visualizer',
    type='mmdet.DetLocalVisualizer',
    vis_backends=[
        dict(type='LocalVisBackend'),
    ])
weight_decay = 0.0005
widen_factor = 0.25
work_dir = './work_dirs/1703821341_yolo-x_r-640_norm-max_finetuned-rggb_d-cocoraw-v1-nod+nod_0/'

-> PREPROC norm-max
-> PREPROC norm-max
!!!!!!!!!!!!!!!!!!!!!!!! Building preproc layer {'name': 'norm-max', 'value': 1, 'rggb_max': 16384, 'hidden_size': 32, 'n_layers': 4, 'n_params': 3, 'mean': [0.10164573, 0.18464398, 0.18523392, 0.14850278], 'std': [0.01161111, 0.0380951, 0.03821255, 0.02815485], 'scale_test': 1}
-> Building simple norm max layer.
12/29 03:42:28 - mmengine - INFO - Distributed training is not used, all SyncBatchNorm (SyncBN) layers in the model will be automatically reverted to BatchNormXd layers if they are used.
12/29 03:42:28 - mmengine - WARNING - "FileClient" will be deprecated in future. Please use io functions in https://mmengine.readthedocs.io/en/latest/api/fileio.html#file-io
12/29 03:42:28 - mmengine - WARNING - "HardDiskBackend" is the alias of "LocalBackend" and the former will be deprecated in future.
12/29 03:42:28 - mmengine - INFO - Hooks will be executed in the following order:
before_run:
(VERY_HIGH   ) RuntimeInfoHook                    
(BELOW_NORMAL) LoggerHook                         
 -------------------- 
before_train:
(VERY_HIGH   ) RuntimeInfoHook                    
(NORMAL      ) IterTimerHook                      
(VERY_LOW    ) CheckpointHook                     
 -------------------- 
before_train_epoch:
(VERY_HIGH   ) RuntimeInfoHook                    
(NORMAL      ) IterTimerHook                      
(NORMAL      ) DistSamplerSeedHook                
 -------------------- 
before_train_iter:
(VERY_HIGH   ) RuntimeInfoHook                    
(NORMAL      ) IterTimerHook                      
 -------------------- 
after_train_iter:
(VERY_HIGH   ) RuntimeInfoHook                    
(NORMAL      ) IterTimerHook                      
(BELOW_NORMAL) LoggerHook                         
(LOW         ) ParamSchedulerHook                 
(VERY_LOW    ) CheckpointHook                     
 -------------------- 
after_train_epoch:
(NORMAL      ) IterTimerHook                      
(LOW         ) ParamSchedulerHook                 
(VERY_LOW    ) CheckpointHook                     
 -------------------- 
before_val:
(VERY_HIGH   ) RuntimeInfoHook                    
 -------------------- 
before_val_epoch:
(NORMAL      ) IterTimerHook                      
 -------------------- 
before_val_iter:
(NORMAL      ) IterTimerHook                      
 -------------------- 
after_val_iter:
(NORMAL      ) IterTimerHook                      
(NORMAL      ) DetVisualizationHook               
(BELOW_NORMAL) LoggerHook                         
 -------------------- 
after_val_epoch:
(VERY_HIGH   ) RuntimeInfoHook                    
(NORMAL      ) IterTimerHook                      
(BELOW_NORMAL) LoggerHook                         
(LOW         ) ParamSchedulerHook                 
(VERY_LOW    ) CheckpointHook                     
 -------------------- 
after_val:
(VERY_HIGH   ) RuntimeInfoHook                    
 -------------------- 
after_train:
(VERY_HIGH   ) RuntimeInfoHook                    
(VERY_LOW    ) CheckpointHook                     
 -------------------- 
before_test:
(VERY_HIGH   ) RuntimeInfoHook                    
 -------------------- 
before_test_epoch:
(NORMAL      ) IterTimerHook                      
 -------------------- 
before_test_iter:
(NORMAL      ) IterTimerHook                      
 -------------------- 
after_test_iter:
(NORMAL      ) IterTimerHook                      
(NORMAL      ) DetVisualizationHook               
(BELOW_NORMAL) LoggerHook                         
 -------------------- 
after_test_epoch:
(VERY_HIGH   ) RuntimeInfoHook                    
(NORMAL      ) IterTimerHook                      
(BELOW_NORMAL) LoggerHook                         
 -------------------- 
after_test:
(VERY_HIGH   ) RuntimeInfoHook                    
 -------------------- 
after_run:
(BELOW_NORMAL) LoggerHook                         
 -------------------- 
loading annotations into memory...
Done (t=0.16s)
creating index...
::::::::::::::::::::::::CATS:::: {2: {'supercategory': 'person', 'id': 2, 'name': 'person'}, 0: {'supercategory': 'vehicle', 'id': 0, 'name': 'bicycle'}, 1: {'supercategory': 'vehicle', 'id': 1, 'name': 'car'}}
index created!
loading annotations into memory...
Done (t=0.01s)
creating index...
::::::::::::::::::::::::CATS:::: {2: {'supercategory': 'person', 'id': 2, 'name': 'person'}, 0: {'supercategory': 'vehicle', 'id': 0, 'name': 'bicycle'}, 1: {'supercategory': 'vehicle', 'id': 1, 'name': 'car'}}
index created!
loading annotations into memory...
Done (t=0.01s)
creating index...
::::::::::::::::::::::::CATS:::: {2: {'supercategory': 'person', 'id': 2, 'name': 'person'}, 0: {'supercategory': 'vehicle', 'id': 0, 'name': 'bicycle'}, 1: {'supercategory': 'vehicle', 'id': 1, 'name': 'car'}}
index created!
12/29 03:42:30 - mmengine - INFO - Text logs will be saved to ./runs/runs-cocoraw-v1-2b-finetune/1703821341_yolo-x_r-640_norm-max_finetuned-rggb_d-cocoraw-v1-nod+nod_0/1703821341_yolo-x_r-640_norm-max_finetuned-rggb_d-cocoraw-v1-nod+nod_0 after the training process.
!!! Some size mismatch.
12/29 03:42:30 - mmengine - INFO - Checkpoints will be saved to /home/radu.berdan/work/OD/work_dirs/1703821341_yolo-x_r-640_norm-max_finetuned-rggb_d-cocoraw-v1-nod+nod_0.
########################################################################################################################################################################################################
Starting: 1703821341_yolo-x_r-640_norm-max_finetuned-rggb_d-cocoraw-v1-nod+nod_0
train: annotations/cocoraw-v1-nod+nod_train_0.json
test:  annotations/raw_new_Nikon750_test_flip.json
12/29 03:42:30 - mmengine - INFO - Optimizer groups: 103 .bias, 103 conv.weight, 97 other
-> Setup new lr: 0.001
/home/radu.berdan/anaconda3/envs/mmyolo/lib/python3.8/site-packages/torch/functional.py:445: UserWarning: torch.meshgrid: in an upcoming release, it will be required to pass the indexing argument. (Triggered internally at  /opt/conda/conda-bld/pytorch_1639180588308/work/aten/src/ATen/native/TensorShape.cpp:2157.)
  return _VF.meshgrid(tensors, **kwargs)  # type: ignore[attr-defined]
12/29 03:43:52 - mmengine - INFO - Evaluating bbox...
Loading and preparing results...
DONE (t=0.19s)
creating index...
::::::::::::::::::::::::CATS:::: {2: {'supercategory': 'person', 'id': 2, 'name': 'person'}, 0: {'supercategory': 'vehicle', 'id': 0, 'name': 'bicycle'}, 1: {'supercategory': 'vehicle', 'id': 1, 'name': 'car'}}
index created!
Running per image evaluation...
Evaluate annotation type *bbox*
DONE (t=3.33s).
Accumulating evaluation results...
DONE (t=0.39s).
 Average Precision  (AP) @[ IoU=0.50:0.95 | area=   all | maxDets=100 ] = 0.374
 Average Precision  (AP) @[ IoU=0.50      | area=   all | maxDets=100 ] = 0.593
 Average Precision  (AP) @[ IoU=0.75      | area=   all | maxDets=100 ] = 0.377
 Average Precision  (AP) @[ IoU=0.50:0.95 | area= small | maxDets=100 ] = 0.081
 Average Precision  (AP) @[ IoU=0.50:0.95 | area=medium | maxDets=100 ] = 0.374
 Average Precision  (AP) @[ IoU=0.50:0.95 | area= large | maxDets=100 ] = 0.734
 Average Recall     (AR) @[ IoU=0.50:0.95 | area=   all | maxDets=  1 ] = 0.190
 Average Recall     (AR) @[ IoU=0.50:0.95 | area=   all | maxDets= 10 ] = 0.409
 Average Recall     (AR) @[ IoU=0.50:0.95 | area=   all | maxDets=100 ] = 0.495
 Average Recall     (AR) @[ IoU=0.50:0.95 | area= small | maxDets=100 ] = 0.231
 Average Recall     (AR) @[ IoU=0.50:0.95 | area=medium | maxDets=100 ] = 0.532
 Average Recall     (AR) @[ IoU=0.50:0.95 | area= large | maxDets=100 ] = 0.793
12/29 03:43:56 - mmengine - INFO - bbox_mAP_copypaste: 0.3741 0.5933 0.3768 0.0806 0.3738 0.7337
12/29 03:43:56 - mmengine - INFO - Epoch(val) [0][25/25]    coco/bbox_mAP: 0.3741  coco/bbox_mAP_50: 0.5933  coco/bbox_mAP_75: 0.3768  coco/bbox_mAP_s: 0.0806  coco/bbox_mAP_m: 0.3738  coco/bbox_mAP_l: 0.7337  data_time: 0.0202  time: 0.1475
12/29 03:43:58 - mmengine - INFO - The best checkpoint with 0.3741 coco/bbox_mAP at 0 epoch is saved to best_coco_bbox_mAP_epoch_0.pth.
{'coco/bbox_mAP': 0.3741, 'coco/bbox_mAP_50': 0.5933, 'coco/bbox_mAP_75': 0.3768, 'coco/bbox_mAP_s': 0.0806, 'coco/bbox_mAP_m': 0.3738, 'coco/bbox_mAP_l': 0.7337}
12/29 03:43:58 - mmengine - INFO - Optimizer groups: 103 .bias, 103 conv.weight, 97 other
-> Setup new lr: 0.00096
12/29 03:45:12 - mmengine - INFO - Evaluating bbox...
Loading and preparing results...
DONE (t=0.36s)
creating index...
::::::::::::::::::::::::CATS:::: {2: {'supercategory': 'person', 'id': 2, 'name': 'person'}, 0: {'supercategory': 'vehicle', 'id': 0, 'name': 'bicycle'}, 1: {'supercategory': 'vehicle', 'id': 1, 'name': 'car'}}
index created!
Running per image evaluation...
Evaluate annotation type *bbox*
DONE (t=3.63s).
Accumulating evaluation results...
DONE (t=0.45s).
 Average Precision  (AP) @[ IoU=0.50:0.95 | area=   all | maxDets=100 ] = 0.398
 Average Precision  (AP) @[ IoU=0.50      | area=   all | maxDets=100 ] = 0.617
 Average Precision  (AP) @[ IoU=0.75      | area=   all | maxDets=100 ] = 0.412
 Average Precision  (AP) @[ IoU=0.50:0.95 | area= small | maxDets=100 ] = 0.082
 Average Precision  (AP) @[ IoU=0.50:0.95 | area=medium | maxDets=100 ] = 0.404
 Average Precision  (AP) @[ IoU=0.50:0.95 | area= large | maxDets=100 ] = 0.774
 Average Recall     (AR) @[ IoU=0.50:0.95 | area=   all | maxDets=  1 ] = 0.196
 Average Recall     (AR) @[ IoU=0.50:0.95 | area=   all | maxDets= 10 ] = 0.435
 Average Recall     (AR) @[ IoU=0.50:0.95 | area=   all | maxDets=100 ] = 0.528
 Average Recall     (AR) @[ IoU=0.50:0.95 | area= small | maxDets=100 ] = 0.248
 Average Recall     (AR) @[ IoU=0.50:0.95 | area=medium | maxDets=100 ] = 0.564
 Average Recall     (AR) @[ IoU=0.50:0.95 | area= large | maxDets=100 ] = 0.835
12/29 03:45:17 - mmengine - INFO - bbox_mAP_copypaste: 0.3978 0.6167 0.4117 0.0818 0.4041 0.7738
12/29 03:45:17 - mmengine - INFO - Epoch(val) [0][25/25]    coco/bbox_mAP: 0.3978  coco/bbox_mAP_50: 0.6167  coco/bbox_mAP_75: 0.4117  coco/bbox_mAP_s: 0.0818  coco/bbox_mAP_m: 0.4041  coco/bbox_mAP_l: 0.7738  data_time: 0.0271  time: 0.1516
12/29 03:45:17 - mmengine - INFO - The previous best checkpoint /home/radu.berdan/work/OD/work_dirs/1703821341_yolo-x_r-640_norm-max_finetuned-rggb_d-cocoraw-v1-nod+nod_0/best_coco_bbox_mAP_epoch_0.pth is removed
12/29 03:45:19 - mmengine - INFO - The best checkpoint with 0.3978 coco/bbox_mAP at 0 epoch is saved to best_coco_bbox_mAP_epoch_0.pth.
{'coco/bbox_mAP': 0.3978, 'coco/bbox_mAP_50': 0.6167, 'coco/bbox_mAP_75': 0.4117, 'coco/bbox_mAP_s': 0.0818, 'coco/bbox_mAP_m': 0.4041, 'coco/bbox_mAP_l': 0.7738}
12/29 03:45:19 - mmengine - INFO - Optimizer groups: 103 .bias, 103 conv.weight, 97 other
-> Setup new lr: 0.00091
12/29 03:46:33 - mmengine - INFO - Evaluating bbox...
Loading and preparing results...
DONE (t=0.21s)
creating index...
::::::::::::::::::::::::CATS:::: {2: {'supercategory': 'person', 'id': 2, 'name': 'person'}, 0: {'supercategory': 'vehicle', 'id': 0, 'name': 'bicycle'}, 1: {'supercategory': 'vehicle', 'id': 1, 'name': 'car'}}
index created!
Running per image evaluation...
Evaluate annotation type *bbox*
DONE (t=3.38s).
Accumulating evaluation results...
DONE (t=0.39s).
 Average Precision  (AP) @[ IoU=0.50:0.95 | area=   all | maxDets=100 ] = 0.409
 Average Precision  (AP) @[ IoU=0.50      | area=   all | maxDets=100 ] = 0.633
 Average Precision  (AP) @[ IoU=0.75      | area=   all | maxDets=100 ] = 0.432
 Average Precision  (AP) @[ IoU=0.50:0.95 | area= small | maxDets=100 ] = 0.100
 Average Precision  (AP) @[ IoU=0.50:0.95 | area=medium | maxDets=100 ] = 0.421
 Average Precision  (AP) @[ IoU=0.50:0.95 | area= large | maxDets=100 ] = 0.761
 Average Recall     (AR) @[ IoU=0.50:0.95 | area=   all | maxDets=  1 ] = 0.202
 Average Recall     (AR) @[ IoU=0.50:0.95 | area=   all | maxDets= 10 ] = 0.445
 Average Recall     (AR) @[ IoU=0.50:0.95 | area=   all | maxDets=100 ] = 0.525
 Average Recall     (AR) @[ IoU=0.50:0.95 | area= small | maxDets=100 ] = 0.257
 Average Recall     (AR) @[ IoU=0.50:0.95 | area=medium | maxDets=100 ] = 0.562
 Average Recall     (AR) @[ IoU=0.50:0.95 | area= large | maxDets=100 ] = 0.819
12/29 03:46:37 - mmengine - INFO - bbox_mAP_copypaste: 0.4089 0.6330 0.4319 0.0996 0.4208 0.7614
12/29 03:46:37 - mmengine - INFO - Epoch(val) [0][25/25]    coco/bbox_mAP: 0.4089  coco/bbox_mAP_50: 0.6330  coco/bbox_mAP_75: 0.4319  coco/bbox_mAP_s: 0.0996  coco/bbox_mAP_m: 0.4208  coco/bbox_mAP_l: 0.7614  data_time: 0.0279  time: 0.1533
12/29 03:46:37 - mmengine - INFO - The previous best checkpoint /home/radu.berdan/work/OD/work_dirs/1703821341_yolo-x_r-640_norm-max_finetuned-rggb_d-cocoraw-v1-nod+nod_0/best_coco_bbox_mAP_epoch_0.pth is removed
12/29 03:46:39 - mmengine - INFO - The best checkpoint with 0.4089 coco/bbox_mAP at 0 epoch is saved to best_coco_bbox_mAP_epoch_0.pth.
{'coco/bbox_mAP': 0.4089, 'coco/bbox_mAP_50': 0.633, 'coco/bbox_mAP_75': 0.4319, 'coco/bbox_mAP_s': 0.0996, 'coco/bbox_mAP_m': 0.4208, 'coco/bbox_mAP_l': 0.7614}
12/29 03:46:39 - mmengine - INFO - Optimizer groups: 103 .bias, 103 conv.weight, 97 other
-> Setup new lr: 0.00086
12/29 03:47:52 - mmengine - INFO - Evaluating bbox...
Loading and preparing results...
DONE (t=0.22s)
creating index...
::::::::::::::::::::::::CATS:::: {2: {'supercategory': 'person', 'id': 2, 'name': 'person'}, 0: {'supercategory': 'vehicle', 'id': 0, 'name': 'bicycle'}, 1: {'supercategory': 'vehicle', 'id': 1, 'name': 'car'}}
index created!
Running per image evaluation...
Evaluate annotation type *bbox*
DONE (t=3.31s).
Accumulating evaluation results...
DONE (t=0.39s).
 Average Precision  (AP) @[ IoU=0.50:0.95 | area=   all | maxDets=100 ] = 0.408
 Average Precision  (AP) @[ IoU=0.50      | area=   all | maxDets=100 ] = 0.631
 Average Precision  (AP) @[ IoU=0.75      | area=   all | maxDets=100 ] = 0.416
 Average Precision  (AP) @[ IoU=0.50:0.95 | area= small | maxDets=100 ] = 0.105
 Average Precision  (AP) @[ IoU=0.50:0.95 | area=medium | maxDets=100 ] = 0.426
 Average Precision  (AP) @[ IoU=0.50:0.95 | area= large | maxDets=100 ] = 0.752
 Average Recall     (AR) @[ IoU=0.50:0.95 | area=   all | maxDets=  1 ] = 0.199
 Average Recall     (AR) @[ IoU=0.50:0.95 | area=   all | maxDets= 10 ] = 0.438
 Average Recall     (AR) @[ IoU=0.50:0.95 | area=   all | maxDets=100 ] = 0.514
 Average Recall     (AR) @[ IoU=0.50:0.95 | area= small | maxDets=100 ] = 0.257
 Average Recall     (AR) @[ IoU=0.50:0.95 | area=medium | maxDets=100 ] = 0.541
 Average Recall     (AR) @[ IoU=0.50:0.95 | area= large | maxDets=100 ] = 0.798
12/29 03:47:57 - mmengine - INFO - bbox_mAP_copypaste: 0.4076 0.6311 0.4161 0.1051 0.4258 0.7522
12/29 03:47:57 - mmengine - INFO - Epoch(val) [0][25/25]    coco/bbox_mAP: 0.4076  coco/bbox_mAP_50: 0.6311  coco/bbox_mAP_75: 0.4161  coco/bbox_mAP_s: 0.1051  coco/bbox_mAP_m: 0.4258  coco/bbox_mAP_l: 0.7522  data_time: 0.0208  time: 0.1447
{'coco/bbox_mAP': 0.4076, 'coco/bbox_mAP_50': 0.6311, 'coco/bbox_mAP_75': 0.4161, 'coco/bbox_mAP_s': 0.1051, 'coco/bbox_mAP_m': 0.4258, 'coco/bbox_mAP_l': 0.7522}
12/29 03:47:57 - mmengine - INFO - Optimizer groups: 103 .bias, 103 conv.weight, 97 other
-> Setup new lr: 0.00082
12/29 03:49:11 - mmengine - INFO - Evaluating bbox...
Loading and preparing results...
DONE (t=0.20s)
creating index...
::::::::::::::::::::::::CATS:::: {2: {'supercategory': 'person', 'id': 2, 'name': 'person'}, 0: {'supercategory': 'vehicle', 'id': 0, 'name': 'bicycle'}, 1: {'supercategory': 'vehicle', 'id': 1, 'name': 'car'}}
index created!
Running per image evaluation...
Evaluate annotation type *bbox*
DONE (t=3.28s).
Accumulating evaluation results...
DONE (t=0.39s).
 Average Precision  (AP) @[ IoU=0.50:0.95 | area=   all | maxDets=100 ] = 0.416
 Average Precision  (AP) @[ IoU=0.50      | area=   all | maxDets=100 ] = 0.658
 Average Precision  (AP) @[ IoU=0.75      | area=   all | maxDets=100 ] = 0.419
 Average Precision  (AP) @[ IoU=0.50:0.95 | area= small | maxDets=100 ] = 0.113
 Average Precision  (AP) @[ IoU=0.50:0.95 | area=medium | maxDets=100 ] = 0.435
 Average Precision  (AP) @[ IoU=0.50:0.95 | area= large | maxDets=100 ] = 0.759
 Average Recall     (AR) @[ IoU=0.50:0.95 | area=   all | maxDets=  1 ] = 0.202
 Average Recall     (AR) @[ IoU=0.50:0.95 | area=   all | maxDets= 10 ] = 0.452
 Average Recall     (AR) @[ IoU=0.50:0.95 | area=   all | maxDets=100 ] = 0.532
 Average Recall     (AR) @[ IoU=0.50:0.95 | area= small | maxDets=100 ] = 0.277
 Average Recall     (AR) @[ IoU=0.50:0.95 | area=medium | maxDets=100 ] = 0.565
 Average Recall     (AR) @[ IoU=0.50:0.95 | area= large | maxDets=100 ] = 0.816
12/29 03:49:15 - mmengine - INFO - bbox_mAP_copypaste: 0.4158 0.6584 0.4187 0.1130 0.4353 0.7585
12/29 03:49:15 - mmengine - INFO - Epoch(val) [0][25/25]    coco/bbox_mAP: 0.4158  coco/bbox_mAP_50: 0.6584  coco/bbox_mAP_75: 0.4187  coco/bbox_mAP_s: 0.1130  coco/bbox_mAP_m: 0.4353  coco/bbox_mAP_l: 0.7585  data_time: 0.0303  time: 0.1544
12/29 03:49:15 - mmengine - INFO - The previous best checkpoint /home/radu.berdan/work/OD/work_dirs/1703821341_yolo-x_r-640_norm-max_finetuned-rggb_d-cocoraw-v1-nod+nod_0/best_coco_bbox_mAP_epoch_0.pth is removed
12/29 03:49:17 - mmengine - INFO - The best checkpoint with 0.4158 coco/bbox_mAP at 0 epoch is saved to best_coco_bbox_mAP_epoch_0.pth.
{'coco/bbox_mAP': 0.4158, 'coco/bbox_mAP_50': 0.6584, 'coco/bbox_mAP_75': 0.4187, 'coco/bbox_mAP_s': 0.113, 'coco/bbox_mAP_m': 0.4353, 'coco/bbox_mAP_l': 0.7585}
12/29 03:49:17 - mmengine - INFO - Optimizer groups: 103 .bias, 103 conv.weight, 97 other
-> Setup new lr: 0.00078
12/29 03:50:30 - mmengine - INFO - Evaluating bbox...
Loading and preparing results...
DONE (t=0.19s)
creating index...
::::::::::::::::::::::::CATS:::: {2: {'supercategory': 'person', 'id': 2, 'name': 'person'}, 0: {'supercategory': 'vehicle', 'id': 0, 'name': 'bicycle'}, 1: {'supercategory': 'vehicle', 'id': 1, 'name': 'car'}}
index created!
Running per image evaluation...
Evaluate annotation type *bbox*
DONE (t=3.17s).
Accumulating evaluation results...
DONE (t=0.37s).
 Average Precision  (AP) @[ IoU=0.50:0.95 | area=   all | maxDets=100 ] = 0.428
 Average Precision  (AP) @[ IoU=0.50      | area=   all | maxDets=100 ] = 0.657
 Average Precision  (AP) @[ IoU=0.75      | area=   all | maxDets=100 ] = 0.432
 Average Precision  (AP) @[ IoU=0.50:0.95 | area= small | maxDets=100 ] = 0.123
 Average Precision  (AP) @[ IoU=0.50:0.95 | area=medium | maxDets=100 ] = 0.450
 Average Precision  (AP) @[ IoU=0.50:0.95 | area= large | maxDets=100 ] = 0.771
 Average Recall     (AR) @[ IoU=0.50:0.95 | area=   all | maxDets=  1 ] = 0.207
 Average Recall     (AR) @[ IoU=0.50:0.95 | area=   all | maxDets= 10 ] = 0.468
 Average Recall     (AR) @[ IoU=0.50:0.95 | area=   all | maxDets=100 ] = 0.544
 Average Recall     (AR) @[ IoU=0.50:0.95 | area= small | maxDets=100 ] = 0.283
 Average Recall     (AR) @[ IoU=0.50:0.95 | area=medium | maxDets=100 ] = 0.582
 Average Recall     (AR) @[ IoU=0.50:0.95 | area= large | maxDets=100 ] = 0.827
12/29 03:50:34 - mmengine - INFO - bbox_mAP_copypaste: 0.4275 0.6574 0.4317 0.1229 0.4502 0.7711
12/29 03:50:34 - mmengine - INFO - Epoch(val) [0][25/25]    coco/bbox_mAP: 0.4275  coco/bbox_mAP_50: 0.6574  coco/bbox_mAP_75: 0.4317  coco/bbox_mAP_s: 0.1229  coco/bbox_mAP_m: 0.4502  coco/bbox_mAP_l: 0.7711  data_time: 0.0195  time: 0.1472
12/29 03:50:34 - mmengine - INFO - The previous best checkpoint /home/radu.berdan/work/OD/work_dirs/1703821341_yolo-x_r-640_norm-max_finetuned-rggb_d-cocoraw-v1-nod+nod_0/best_coco_bbox_mAP_epoch_0.pth is removed
12/29 03:50:36 - mmengine - INFO - The best checkpoint with 0.4275 coco/bbox_mAP at 0 epoch is saved to best_coco_bbox_mAP_epoch_0.pth.
{'coco/bbox_mAP': 0.4275, 'coco/bbox_mAP_50': 0.6574, 'coco/bbox_mAP_75': 0.4317, 'coco/bbox_mAP_s': 0.1229, 'coco/bbox_mAP_m': 0.4502, 'coco/bbox_mAP_l': 0.7711}
12/29 03:50:36 - mmengine - INFO - Optimizer groups: 103 .bias, 103 conv.weight, 97 other
-> Setup new lr: 0.00073
12/29 03:51:50 - mmengine - INFO - Evaluating bbox...
Loading and preparing results...
DONE (t=0.22s)
creating index...
::::::::::::::::::::::::CATS:::: {2: {'supercategory': 'person', 'id': 2, 'name': 'person'}, 0: {'supercategory': 'vehicle', 'id': 0, 'name': 'bicycle'}, 1: {'supercategory': 'vehicle', 'id': 1, 'name': 'car'}}
index created!
Running per image evaluation...
Evaluate annotation type *bbox*
DONE (t=3.22s).
Accumulating evaluation results...
DONE (t=0.38s).
 Average Precision  (AP) @[ IoU=0.50:0.95 | area=   all | maxDets=100 ] = 0.433
 Average Precision  (AP) @[ IoU=0.50      | area=   all | maxDets=100 ] = 0.674
 Average Precision  (AP) @[ IoU=0.75      | area=   all | maxDets=100 ] = 0.441
 Average Precision  (AP) @[ IoU=0.50:0.95 | area= small | maxDets=100 ] = 0.117
 Average Precision  (AP) @[ IoU=0.50:0.95 | area=medium | maxDets=100 ] = 0.450
 Average Precision  (AP) @[ IoU=0.50:0.95 | area= large | maxDets=100 ] = 0.786
 Average Recall     (AR) @[ IoU=0.50:0.95 | area=   all | maxDets=  1 ] = 0.207
 Average Recall     (AR) @[ IoU=0.50:0.95 | area=   all | maxDets= 10 ] = 0.465
 Average Recall     (AR) @[ IoU=0.50:0.95 | area=   all | maxDets=100 ] = 0.544
 Average Recall     (AR) @[ IoU=0.50:0.95 | area= small | maxDets=100 ] = 0.278
 Average Recall     (AR) @[ IoU=0.50:0.95 | area=medium | maxDets=100 ] = 0.581
 Average Recall     (AR) @[ IoU=0.50:0.95 | area= large | maxDets=100 ] = 0.835
12/29 03:51:54 - mmengine - INFO - bbox_mAP_copypaste: 0.4333 0.6741 0.4414 0.1172 0.4496 0.7856
12/29 03:51:54 - mmengine - INFO - Epoch(val) [0][25/25]    coco/bbox_mAP: 0.4333  coco/bbox_mAP_50: 0.6741  coco/bbox_mAP_75: 0.4414  coco/bbox_mAP_s: 0.1172  coco/bbox_mAP_m: 0.4496  coco/bbox_mAP_l: 0.7856  data_time: 0.0206  time: 0.1469
12/29 03:51:54 - mmengine - INFO - The previous best checkpoint /home/radu.berdan/work/OD/work_dirs/1703821341_yolo-x_r-640_norm-max_finetuned-rggb_d-cocoraw-v1-nod+nod_0/best_coco_bbox_mAP_epoch_0.pth is removed
12/29 03:51:56 - mmengine - INFO - The best checkpoint with 0.4333 coco/bbox_mAP at 0 epoch is saved to best_coco_bbox_mAP_epoch_0.pth.
{'coco/bbox_mAP': 0.4333, 'coco/bbox_mAP_50': 0.6741, 'coco/bbox_mAP_75': 0.4414, 'coco/bbox_mAP_s': 0.1172, 'coco/bbox_mAP_m': 0.4496, 'coco/bbox_mAP_l': 0.7856}
12/29 03:51:56 - mmengine - INFO - Optimizer groups: 103 .bias, 103 conv.weight, 97 other
-> Setup new lr: 0.00068
12/29 03:53:09 - mmengine - INFO - Evaluating bbox...
Loading and preparing results...
DONE (t=0.20s)
creating index...
::::::::::::::::::::::::CATS:::: {2: {'supercategory': 'person', 'id': 2, 'name': 'person'}, 0: {'supercategory': 'vehicle', 'id': 0, 'name': 'bicycle'}, 1: {'supercategory': 'vehicle', 'id': 1, 'name': 'car'}}
index created!
Running per image evaluation...
Evaluate annotation type *bbox*
DONE (t=3.17s).
Accumulating evaluation results...
DONE (t=0.43s).
 Average Precision  (AP) @[ IoU=0.50:0.95 | area=   all | maxDets=100 ] = 0.423
 Average Precision  (AP) @[ IoU=0.50      | area=   all | maxDets=100 ] = 0.673
 Average Precision  (AP) @[ IoU=0.75      | area=   all | maxDets=100 ] = 0.433
 Average Precision  (AP) @[ IoU=0.50:0.95 | area= small | maxDets=100 ] = 0.105
 Average Precision  (AP) @[ IoU=0.50:0.95 | area=medium | maxDets=100 ] = 0.442
 Average Precision  (AP) @[ IoU=0.50:0.95 | area= large | maxDets=100 ] = 0.779
 Average Recall     (AR) @[ IoU=0.50:0.95 | area=   all | maxDets=  1 ] = 0.204
 Average Recall     (AR) @[ IoU=0.50:0.95 | area=   all | maxDets= 10 ] = 0.453
 Average Recall     (AR) @[ IoU=0.50:0.95 | area=   all | maxDets=100 ] = 0.532
 Average Recall     (AR) @[ IoU=0.50:0.95 | area= small | maxDets=100 ] = 0.266
 Average Recall     (AR) @[ IoU=0.50:0.95 | area=medium | maxDets=100 ] = 0.565
 Average Recall     (AR) @[ IoU=0.50:0.95 | area= large | maxDets=100 ] = 0.826
12/29 03:53:13 - mmengine - INFO - bbox_mAP_copypaste: 0.4234 0.6732 0.4331 0.1049 0.4424 0.7792
12/29 03:53:13 - mmengine - INFO - Epoch(val) [0][25/25]    coco/bbox_mAP: 0.4234  coco/bbox_mAP_50: 0.6732  coco/bbox_mAP_75: 0.4331  coco/bbox_mAP_s: 0.1049  coco/bbox_mAP_m: 0.4424  coco/bbox_mAP_l: 0.7792  data_time: 0.0243  time: 0.1471
{'coco/bbox_mAP': 0.4234, 'coco/bbox_mAP_50': 0.6732, 'coco/bbox_mAP_75': 0.4331, 'coco/bbox_mAP_s': 0.1049, 'coco/bbox_mAP_m': 0.4424, 'coco/bbox_mAP_l': 0.7792}
12/29 03:53:13 - mmengine - INFO - Optimizer groups: 103 .bias, 103 conv.weight, 97 other
-> Setup new lr: 0.00064
12/29 03:54:27 - mmengine - INFO - Evaluating bbox...
Loading and preparing results...
DONE (t=0.18s)
creating index...
::::::::::::::::::::::::CATS:::: {2: {'supercategory': 'person', 'id': 2, 'name': 'person'}, 0: {'supercategory': 'vehicle', 'id': 0, 'name': 'bicycle'}, 1: {'supercategory': 'vehicle', 'id': 1, 'name': 'car'}}
index created!
Running per image evaluation...
Evaluate annotation type *bbox*
DONE (t=3.07s).
Accumulating evaluation results...
DONE (t=0.36s).
 Average Precision  (AP) @[ IoU=0.50:0.95 | area=   all | maxDets=100 ] = 0.422
 Average Precision  (AP) @[ IoU=0.50      | area=   all | maxDets=100 ] = 0.652
 Average Precision  (AP) @[ IoU=0.75      | area=   all | maxDets=100 ] = 0.430
 Average Precision  (AP) @[ IoU=0.50:0.95 | area= small | maxDets=100 ] = 0.113
 Average Precision  (AP) @[ IoU=0.50:0.95 | area=medium | maxDets=100 ] = 0.447
 Average Precision  (AP) @[ IoU=0.50:0.95 | area= large | maxDets=100 ] = 0.771
 Average Recall     (AR) @[ IoU=0.50:0.95 | area=   all | maxDets=  1 ] = 0.207
 Average Recall     (AR) @[ IoU=0.50:0.95 | area=   all | maxDets= 10 ] = 0.455
 Average Recall     (AR) @[ IoU=0.50:0.95 | area=   all | maxDets=100 ] = 0.527
 Average Recall     (AR) @[ IoU=0.50:0.95 | area= small | maxDets=100 ] = 0.260
 Average Recall     (AR) @[ IoU=0.50:0.95 | area=medium | maxDets=100 ] = 0.562
 Average Recall     (AR) @[ IoU=0.50:0.95 | area= large | maxDets=100 ] = 0.821
12/29 03:54:30 - mmengine - INFO - bbox_mAP_copypaste: 0.4223 0.6519 0.4301 0.1126 0.4471 0.7714
12/29 03:54:31 - mmengine - INFO - Epoch(val) [0][25/25]    coco/bbox_mAP: 0.4223  coco/bbox_mAP_50: 0.6519  coco/bbox_mAP_75: 0.4301  coco/bbox_mAP_s: 0.1126  coco/bbox_mAP_m: 0.4471  coco/bbox_mAP_l: 0.7714  data_time: 0.0260  time: 0.1473
{'coco/bbox_mAP': 0.4223, 'coco/bbox_mAP_50': 0.6519, 'coco/bbox_mAP_75': 0.4301, 'coco/bbox_mAP_s': 0.1126, 'coco/bbox_mAP_m': 0.4471, 'coco/bbox_mAP_l': 0.7714}
12/29 03:54:31 - mmengine - INFO - Optimizer groups: 103 .bias, 103 conv.weight, 97 other
-> Setup new lr: 0.0006
12/29 03:55:43 - mmengine - INFO - Evaluating bbox...
Loading and preparing results...
DONE (t=0.16s)
creating index...
::::::::::::::::::::::::CATS:::: {2: {'supercategory': 'person', 'id': 2, 'name': 'person'}, 0: {'supercategory': 'vehicle', 'id': 0, 'name': 'bicycle'}, 1: {'supercategory': 'vehicle', 'id': 1, 'name': 'car'}}
index created!
Running per image evaluation...
Evaluate annotation type *bbox*
DONE (t=2.87s).
Accumulating evaluation results...
DONE (t=0.31s).
 Average Precision  (AP) @[ IoU=0.50:0.95 | area=   all | maxDets=100 ] = 0.411
 Average Precision  (AP) @[ IoU=0.50      | area=   all | maxDets=100 ] = 0.648
 Average Precision  (AP) @[ IoU=0.75      | area=   all | maxDets=100 ] = 0.419
 Average Precision  (AP) @[ IoU=0.50:0.95 | area= small | maxDets=100 ] = 0.108
 Average Precision  (AP) @[ IoU=0.50:0.95 | area=medium | maxDets=100 ] = 0.431
 Average Precision  (AP) @[ IoU=0.50:0.95 | area= large | maxDets=100 ] = 0.753
 Average Recall     (AR) @[ IoU=0.50:0.95 | area=   all | maxDets=  1 ] = 0.197
 Average Recall     (AR) @[ IoU=0.50:0.95 | area=   all | maxDets= 10 ] = 0.440
 Average Recall     (AR) @[ IoU=0.50:0.95 | area=   all | maxDets=100 ] = 0.512
 Average Recall     (AR) @[ IoU=0.50:0.95 | area= small | maxDets=100 ] = 0.260
 Average Recall     (AR) @[ IoU=0.50:0.95 | area=medium | maxDets=100 ] = 0.540
 Average Recall     (AR) @[ IoU=0.50:0.95 | area= large | maxDets=100 ] = 0.797
12/29 03:55:47 - mmengine - INFO - bbox_mAP_copypaste: 0.4107 0.6479 0.4193 0.1084 0.4311 0.7531
12/29 03:55:47 - mmengine - INFO - Epoch(val) [0][25/25]    coco/bbox_mAP: 0.4107  coco/bbox_mAP_50: 0.6479  coco/bbox_mAP_75: 0.4193  coco/bbox_mAP_s: 0.1084  coco/bbox_mAP_m: 0.4311  coco/bbox_mAP_l: 0.7531  data_time: 0.0144  time: 0.1361
{'coco/bbox_mAP': 0.4107, 'coco/bbox_mAP_50': 0.6479, 'coco/bbox_mAP_75': 0.4193, 'coco/bbox_mAP_s': 0.1084, 'coco/bbox_mAP_m': 0.4311, 'coco/bbox_mAP_l': 0.7531}
12/29 03:55:47 - mmengine - INFO - Optimizer groups: 103 .bias, 103 conv.weight, 97 other
-> Setup new lr: 0.00055
12/29 03:57:00 - mmengine - INFO - Evaluating bbox...
Loading and preparing results...
DONE (t=0.04s)
creating index...
::::::::::::::::::::::::CATS:::: {2: {'supercategory': 'person', 'id': 2, 'name': 'person'}, 0: {'supercategory': 'vehicle', 'id': 0, 'name': 'bicycle'}, 1: {'supercategory': 'vehicle', 'id': 1, 'name': 'car'}}
index created!
Running per image evaluation...
Evaluate annotation type *bbox*
DONE (t=2.88s).
Accumulating evaluation results...
DONE (t=0.31s).
 Average Precision  (AP) @[ IoU=0.50:0.95 | area=   all | maxDets=100 ] = 0.386
 Average Precision  (AP) @[ IoU=0.50      | area=   all | maxDets=100 ] = 0.632
 Average Precision  (AP) @[ IoU=0.75      | area=   all | maxDets=100 ] = 0.386
 Average Precision  (AP) @[ IoU=0.50:0.95 | area= small | maxDets=100 ] = 0.076
 Average Precision  (AP) @[ IoU=0.50:0.95 | area=medium | maxDets=100 ] = 0.406
 Average Precision  (AP) @[ IoU=0.50:0.95 | area= large | maxDets=100 ] = 0.736
 Average Recall     (AR) @[ IoU=0.50:0.95 | area=   all | maxDets=  1 ] = 0.192
 Average Recall     (AR) @[ IoU=0.50:0.95 | area=   all | maxDets= 10 ] = 0.419
 Average Recall     (AR) @[ IoU=0.50:0.95 | area=   all | maxDets=100 ] = 0.485
 Average Recall     (AR) @[ IoU=0.50:0.95 | area= small | maxDets=100 ] = 0.234
 Average Recall     (AR) @[ IoU=0.50:0.95 | area=medium | maxDets=100 ] = 0.507
 Average Recall     (AR) @[ IoU=0.50:0.95 | area= large | maxDets=100 ] = 0.781
12/29 03:57:04 - mmengine - INFO - bbox_mAP_copypaste: 0.3857 0.6325 0.3862 0.0761 0.4059 0.7362
12/29 03:57:04 - mmengine - INFO - Epoch(val) [0][25/25]    coco/bbox_mAP: 0.3857  coco/bbox_mAP_50: 0.6325  coco/bbox_mAP_75: 0.3862  coco/bbox_mAP_s: 0.0761  coco/bbox_mAP_m: 0.4059  coco/bbox_mAP_l: 0.7362  data_time: 0.0154  time: 0.1392
{'coco/bbox_mAP': 0.3857, 'coco/bbox_mAP_50': 0.6325, 'coco/bbox_mAP_75': 0.3862, 'coco/bbox_mAP_s': 0.0761, 'coco/bbox_mAP_m': 0.4059, 'coco/bbox_mAP_l': 0.7362}
12/29 03:57:04 - mmengine - INFO - Optimizer groups: 103 .bias, 103 conv.weight, 97 other
-> Setup new lr: 0.0005
12/29 03:58:18 - mmengine - INFO - Evaluating bbox...
Loading and preparing results...
DONE (t=0.17s)
creating index...
::::::::::::::::::::::::CATS:::: {2: {'supercategory': 'person', 'id': 2, 'name': 'person'}, 0: {'supercategory': 'vehicle', 'id': 0, 'name': 'bicycle'}, 1: {'supercategory': 'vehicle', 'id': 1, 'name': 'car'}}
index created!
Running per image evaluation...
Evaluate annotation type *bbox*
DONE (t=2.74s).
Accumulating evaluation results...
DONE (t=0.29s).
 Average Precision  (AP) @[ IoU=0.50:0.95 | area=   all | maxDets=100 ] = 0.418
 Average Precision  (AP) @[ IoU=0.50      | area=   all | maxDets=100 ] = 0.664
 Average Precision  (AP) @[ IoU=0.75      | area=   all | maxDets=100 ] = 0.424
 Average Precision  (AP) @[ IoU=0.50:0.95 | area= small | maxDets=100 ] = 0.104
 Average Precision  (AP) @[ IoU=0.50:0.95 | area=medium | maxDets=100 ] = 0.436
 Average Precision  (AP) @[ IoU=0.50:0.95 | area= large | maxDets=100 ] = 0.786
 Average Recall     (AR) @[ IoU=0.50:0.95 | area=   all | maxDets=  1 ] = 0.204
 Average Recall     (AR) @[ IoU=0.50:0.95 | area=   all | maxDets= 10 ] = 0.450
 Average Recall     (AR) @[ IoU=0.50:0.95 | area=   all | maxDets=100 ] = 0.511
 Average Recall     (AR) @[ IoU=0.50:0.95 | area= small | maxDets=100 ] = 0.236
 Average Recall     (AR) @[ IoU=0.50:0.95 | area=medium | maxDets=100 ] = 0.540
 Average Recall     (AR) @[ IoU=0.50:0.95 | area= large | maxDets=100 ] = 0.831
12/29 03:58:21 - mmengine - INFO - bbox_mAP_copypaste: 0.4176 0.6642 0.4237 0.1036 0.4356 0.7858
12/29 03:58:21 - mmengine - INFO - Epoch(val) [0][25/25]    coco/bbox_mAP: 0.4176  coco/bbox_mAP_50: 0.6642  coco/bbox_mAP_75: 0.4237  coco/bbox_mAP_s: 0.1036  coco/bbox_mAP_m: 0.4356  coco/bbox_mAP_l: 0.7858  data_time: 0.0194  time: 0.1493
{'coco/bbox_mAP': 0.4176, 'coco/bbox_mAP_50': 0.6642, 'coco/bbox_mAP_75': 0.4237, 'coco/bbox_mAP_s': 0.1036, 'coco/bbox_mAP_m': 0.4356, 'coco/bbox_mAP_l': 0.7858}
12/29 03:58:21 - mmengine - INFO - Optimizer groups: 103 .bias, 103 conv.weight, 97 other
-> Setup new lr: 0.00046
12/29 03:59:35 - mmengine - INFO - Evaluating bbox...
Loading and preparing results...
DONE (t=0.20s)
creating index...
::::::::::::::::::::::::CATS:::: {2: {'supercategory': 'person', 'id': 2, 'name': 'person'}, 0: {'supercategory': 'vehicle', 'id': 0, 'name': 'bicycle'}, 1: {'supercategory': 'vehicle', 'id': 1, 'name': 'car'}}
index created!
Running per image evaluation...
Evaluate annotation type *bbox*
DONE (t=2.82s).
Accumulating evaluation results...
DONE (t=0.32s).
 Average Precision  (AP) @[ IoU=0.50:0.95 | area=   all | maxDets=100 ] = 0.409
 Average Precision  (AP) @[ IoU=0.50      | area=   all | maxDets=100 ] = 0.661
 Average Precision  (AP) @[ IoU=0.75      | area=   all | maxDets=100 ] = 0.410
 Average Precision  (AP) @[ IoU=0.50:0.95 | area= small | maxDets=100 ] = 0.099
 Average Precision  (AP) @[ IoU=0.50:0.95 | area=medium | maxDets=100 ] = 0.420
 Average Precision  (AP) @[ IoU=0.50:0.95 | area= large | maxDets=100 ] = 0.780
 Average Recall     (AR) @[ IoU=0.50:0.95 | area=   all | maxDets=  1 ] = 0.204
 Average Recall     (AR) @[ IoU=0.50:0.95 | area=   all | maxDets= 10 ] = 0.443
 Average Recall     (AR) @[ IoU=0.50:0.95 | area=   all | maxDets=100 ] = 0.505
 Average Recall     (AR) @[ IoU=0.50:0.95 | area= small | maxDets=100 ] = 0.235
 Average Recall     (AR) @[ IoU=0.50:0.95 | area=medium | maxDets=100 ] = 0.531
 Average Recall     (AR) @[ IoU=0.50:0.95 | area= large | maxDets=100 ] = 0.825
12/29 03:59:39 - mmengine - INFO - bbox_mAP_copypaste: 0.4087 0.6606 0.4105 0.0993 0.4201 0.7802
12/29 03:59:39 - mmengine - INFO - Epoch(val) [0][25/25]    coco/bbox_mAP: 0.4087  coco/bbox_mAP_50: 0.6606  coco/bbox_mAP_75: 0.4105  coco/bbox_mAP_s: 0.0993  coco/bbox_mAP_m: 0.4201  coco/bbox_mAP_l: 0.7802  data_time: 0.0231  time: 0.1491
{'coco/bbox_mAP': 0.4087, 'coco/bbox_mAP_50': 0.6606, 'coco/bbox_mAP_75': 0.4105, 'coco/bbox_mAP_s': 0.0993, 'coco/bbox_mAP_m': 0.4201, 'coco/bbox_mAP_l': 0.7802}
12/29 03:59:39 - mmengine - INFO - Optimizer groups: 103 .bias, 103 conv.weight, 97 other
-> Setup new lr: 0.00042
12/29 04:00:53 - mmengine - INFO - Evaluating bbox...
Loading and preparing results...
DONE (t=0.18s)
creating index...
::::::::::::::::::::::::CATS:::: {2: {'supercategory': 'person', 'id': 2, 'name': 'person'}, 0: {'supercategory': 'vehicle', 'id': 0, 'name': 'bicycle'}, 1: {'supercategory': 'vehicle', 'id': 1, 'name': 'car'}}
index created!
Running per image evaluation...
Evaluate annotation type *bbox*
DONE (t=2.75s).
Accumulating evaluation results...
DONE (t=0.31s).
 Average Precision  (AP) @[ IoU=0.50:0.95 | area=   all | maxDets=100 ] = 0.406
 Average Precision  (AP) @[ IoU=0.50      | area=   all | maxDets=100 ] = 0.654
 Average Precision  (AP) @[ IoU=0.75      | area=   all | maxDets=100 ] = 0.414
 Average Precision  (AP) @[ IoU=0.50:0.95 | area= small | maxDets=100 ] = 0.090
 Average Precision  (AP) @[ IoU=0.50:0.95 | area=medium | maxDets=100 ] = 0.422
 Average Precision  (AP) @[ IoU=0.50:0.95 | area= large | maxDets=100 ] = 0.768
 Average Recall     (AR) @[ IoU=0.50:0.95 | area=   all | maxDets=  1 ] = 0.200
 Average Recall     (AR) @[ IoU=0.50:0.95 | area=   all | maxDets= 10 ] = 0.435
 Average Recall     (AR) @[ IoU=0.50:0.95 | area=   all | maxDets=100 ] = 0.502
 Average Recall     (AR) @[ IoU=0.50:0.95 | area= small | maxDets=100 ] = 0.238
 Average Recall     (AR) @[ IoU=0.50:0.95 | area=medium | maxDets=100 ] = 0.526
 Average Recall     (AR) @[ IoU=0.50:0.95 | area= large | maxDets=100 ] = 0.812
12/29 04:00:56 - mmengine - INFO - bbox_mAP_copypaste: 0.4058 0.6542 0.4137 0.0895 0.4224 0.7683
12/29 04:00:56 - mmengine - INFO - Epoch(val) [0][25/25]    coco/bbox_mAP: 0.4058  coco/bbox_mAP_50: 0.6542  coco/bbox_mAP_75: 0.4137  coco/bbox_mAP_s: 0.0895  coco/bbox_mAP_m: 0.4224  coco/bbox_mAP_l: 0.7683  data_time: 0.0277  time: 0.1497
{'coco/bbox_mAP': 0.4058, 'coco/bbox_mAP_50': 0.6542, 'coco/bbox_mAP_75': 0.4137, 'coco/bbox_mAP_s': 0.0895, 'coco/bbox_mAP_m': 0.4224, 'coco/bbox_mAP_l': 0.7683}
12/29 04:00:56 - mmengine - INFO - Optimizer groups: 103 .bias, 103 conv.weight, 97 other
-> Setup new lr: 0.00037
12/29 04:02:09 - mmengine - INFO - Evaluating bbox...
Loading and preparing results...
DONE (t=0.04s)
creating index...
::::::::::::::::::::::::CATS:::: {2: {'supercategory': 'person', 'id': 2, 'name': 'person'}, 0: {'supercategory': 'vehicle', 'id': 0, 'name': 'bicycle'}, 1: {'supercategory': 'vehicle', 'id': 1, 'name': 'car'}}
index created!
Running per image evaluation...
Evaluate annotation type *bbox*
DONE (t=2.97s).
Accumulating evaluation results...
DONE (t=0.33s).
 Average Precision  (AP) @[ IoU=0.50:0.95 | area=   all | maxDets=100 ] = 0.397
 Average Precision  (AP) @[ IoU=0.50      | area=   all | maxDets=100 ] = 0.651
 Average Precision  (AP) @[ IoU=0.75      | area=   all | maxDets=100 ] = 0.390
 Average Precision  (AP) @[ IoU=0.50:0.95 | area= small | maxDets=100 ] = 0.089
 Average Precision  (AP) @[ IoU=0.50:0.95 | area=medium | maxDets=100 ] = 0.411
 Average Precision  (AP) @[ IoU=0.50:0.95 | area= large | maxDets=100 ] = 0.767
 Average Recall     (AR) @[ IoU=0.50:0.95 | area=   all | maxDets=  1 ] = 0.200
 Average Recall     (AR) @[ IoU=0.50:0.95 | area=   all | maxDets= 10 ] = 0.433
 Average Recall     (AR) @[ IoU=0.50:0.95 | area=   all | maxDets=100 ] = 0.494
 Average Recall     (AR) @[ IoU=0.50:0.95 | area= small | maxDets=100 ] = 0.224
 Average Recall     (AR) @[ IoU=0.50:0.95 | area=medium | maxDets=100 ] = 0.520
 Average Recall     (AR) @[ IoU=0.50:0.95 | area= large | maxDets=100 ] = 0.814
12/29 04:02:13 - mmengine - INFO - bbox_mAP_copypaste: 0.3968 0.6506 0.3900 0.0894 0.4111 0.7674
12/29 04:02:13 - mmengine - INFO - Epoch(val) [0][25/25]    coco/bbox_mAP: 0.3968  coco/bbox_mAP_50: 0.6506  coco/bbox_mAP_75: 0.3900  coco/bbox_mAP_s: 0.0894  coco/bbox_mAP_m: 0.4111  coco/bbox_mAP_l: 0.7674  data_time: 0.0158  time: 0.1396
{'coco/bbox_mAP': 0.3968, 'coco/bbox_mAP_50': 0.6506, 'coco/bbox_mAP_75': 0.39, 'coco/bbox_mAP_s': 0.0894, 'coco/bbox_mAP_m': 0.4111, 'coco/bbox_mAP_l': 0.7674}
12/29 04:02:13 - mmengine - INFO - Optimizer groups: 103 .bias, 103 conv.weight, 97 other
-> Setup new lr: 0.00032
12/29 04:03:26 - mmengine - INFO - Evaluating bbox...
Loading and preparing results...
DONE (t=0.19s)
creating index...
::::::::::::::::::::::::CATS:::: {2: {'supercategory': 'person', 'id': 2, 'name': 'person'}, 0: {'supercategory': 'vehicle', 'id': 0, 'name': 'bicycle'}, 1: {'supercategory': 'vehicle', 'id': 1, 'name': 'car'}}
index created!
Running per image evaluation...
Evaluate annotation type *bbox*
DONE (t=2.59s).
Accumulating evaluation results...
DONE (t=0.30s).
 Average Precision  (AP) @[ IoU=0.50:0.95 | area=   all | maxDets=100 ] = 0.402
 Average Precision  (AP) @[ IoU=0.50      | area=   all | maxDets=100 ] = 0.647
 Average Precision  (AP) @[ IoU=0.75      | area=   all | maxDets=100 ] = 0.401
 Average Precision  (AP) @[ IoU=0.50:0.95 | area= small | maxDets=100 ] = 0.095
 Average Precision  (AP) @[ IoU=0.50:0.95 | area=medium | maxDets=100 ] = 0.417
 Average Precision  (AP) @[ IoU=0.50:0.95 | area= large | maxDets=100 ] = 0.761
 Average Recall     (AR) @[ IoU=0.50:0.95 | area=   all | maxDets=  1 ] = 0.198
 Average Recall     (AR) @[ IoU=0.50:0.95 | area=   all | maxDets= 10 ] = 0.437
 Average Recall     (AR) @[ IoU=0.50:0.95 | area=   all | maxDets=100 ] = 0.497
 Average Recall     (AR) @[ IoU=0.50:0.95 | area= small | maxDets=100 ] = 0.233
 Average Recall     (AR) @[ IoU=0.50:0.95 | area=medium | maxDets=100 ] = 0.521
 Average Recall     (AR) @[ IoU=0.50:0.95 | area= large | maxDets=100 ] = 0.807
12/29 04:03:29 - mmengine - INFO - bbox_mAP_copypaste: 0.4025 0.6470 0.4006 0.0950 0.4169 0.7606
12/29 04:03:29 - mmengine - INFO - Epoch(val) [0][25/25]    coco/bbox_mAP: 0.4025  coco/bbox_mAP_50: 0.6470  coco/bbox_mAP_75: 0.4006  coco/bbox_mAP_s: 0.0950  coco/bbox_mAP_m: 0.4169  coco/bbox_mAP_l: 0.7606  data_time: 0.0181  time: 0.1427
{'coco/bbox_mAP': 0.4025, 'coco/bbox_mAP_50': 0.647, 'coco/bbox_mAP_75': 0.4006, 'coco/bbox_mAP_s': 0.095, 'coco/bbox_mAP_m': 0.4169, 'coco/bbox_mAP_l': 0.7606}
12/29 04:03:29 - mmengine - INFO - Optimizer groups: 103 .bias, 103 conv.weight, 97 other
-> Setup new lr: 0.00028
12/29 04:04:42 - mmengine - INFO - Evaluating bbox...
Loading and preparing results...
DONE (t=0.04s)
creating index...
::::::::::::::::::::::::CATS:::: {2: {'supercategory': 'person', 'id': 2, 'name': 'person'}, 0: {'supercategory': 'vehicle', 'id': 0, 'name': 'bicycle'}, 1: {'supercategory': 'vehicle', 'id': 1, 'name': 'car'}}
index created!
Running per image evaluation...
Evaluate annotation type *bbox*
DONE (t=2.56s).
Accumulating evaluation results...
DONE (t=0.29s).
 Average Precision  (AP) @[ IoU=0.50:0.95 | area=   all | maxDets=100 ] = 0.397
 Average Precision  (AP) @[ IoU=0.50      | area=   all | maxDets=100 ] = 0.649
 Average Precision  (AP) @[ IoU=0.75      | area=   all | maxDets=100 ] = 0.398
 Average Precision  (AP) @[ IoU=0.50:0.95 | area= small | maxDets=100 ] = 0.089
 Average Precision  (AP) @[ IoU=0.50:0.95 | area=medium | maxDets=100 ] = 0.406
 Average Precision  (AP) @[ IoU=0.50:0.95 | area= large | maxDets=100 ] = 0.770
 Average Recall     (AR) @[ IoU=0.50:0.95 | area=   all | maxDets=  1 ] = 0.197
 Average Recall     (AR) @[ IoU=0.50:0.95 | area=   all | maxDets= 10 ] = 0.429
 Average Recall     (AR) @[ IoU=0.50:0.95 | area=   all | maxDets=100 ] = 0.488
 Average Recall     (AR) @[ IoU=0.50:0.95 | area= small | maxDets=100 ] = 0.214
 Average Recall     (AR) @[ IoU=0.50:0.95 | area=medium | maxDets=100 ] = 0.512
 Average Recall     (AR) @[ IoU=0.50:0.95 | area= large | maxDets=100 ] = 0.817
12/29 04:04:45 - mmengine - INFO - bbox_mAP_copypaste: 0.3967 0.6491 0.3985 0.0893 0.4058 0.7699
12/29 04:04:45 - mmengine - INFO - Epoch(val) [0][25/25]    coco/bbox_mAP: 0.3967  coco/bbox_mAP_50: 0.6491  coco/bbox_mAP_75: 0.3985  coco/bbox_mAP_s: 0.0893  coco/bbox_mAP_m: 0.4058  coco/bbox_mAP_l: 0.7699  data_time: 0.0149  time: 0.1400
{'coco/bbox_mAP': 0.3967, 'coco/bbox_mAP_50': 0.6491, 'coco/bbox_mAP_75': 0.3985, 'coco/bbox_mAP_s': 0.0893, 'coco/bbox_mAP_m': 0.4058, 'coco/bbox_mAP_l': 0.7699}
12/29 04:04:45 - mmengine - INFO - Optimizer groups: 103 .bias, 103 conv.weight, 97 other
-> Setup new lr: 0.00024
12/29 04:05:59 - mmengine - INFO - Evaluating bbox...
Loading and preparing results...
DONE (t=0.15s)
creating index...
::::::::::::::::::::::::CATS:::: {2: {'supercategory': 'person', 'id': 2, 'name': 'person'}, 0: {'supercategory': 'vehicle', 'id': 0, 'name': 'bicycle'}, 1: {'supercategory': 'vehicle', 'id': 1, 'name': 'car'}}
index created!
Running per image evaluation...
Evaluate annotation type *bbox*
DONE (t=2.42s).
Accumulating evaluation results...
DONE (t=0.27s).
 Average Precision  (AP) @[ IoU=0.50:0.95 | area=   all | maxDets=100 ] = 0.407
 Average Precision  (AP) @[ IoU=0.50      | area=   all | maxDets=100 ] = 0.654
 Average Precision  (AP) @[ IoU=0.75      | area=   all | maxDets=100 ] = 0.408
 Average Precision  (AP) @[ IoU=0.50:0.95 | area= small | maxDets=100 ] = 0.092
 Average Precision  (AP) @[ IoU=0.50:0.95 | area=medium | maxDets=100 ] = 0.424
 Average Precision  (AP) @[ IoU=0.50:0.95 | area= large | maxDets=100 ] = 0.777
 Average Recall     (AR) @[ IoU=0.50:0.95 | area=   all | maxDets=  1 ] = 0.201
 Average Recall     (AR) @[ IoU=0.50:0.95 | area=   all | maxDets= 10 ] = 0.441
 Average Recall     (AR) @[ IoU=0.50:0.95 | area=   all | maxDets=100 ] = 0.498
 Average Recall     (AR) @[ IoU=0.50:0.95 | area= small | maxDets=100 ] = 0.232
 Average Recall     (AR) @[ IoU=0.50:0.95 | area=medium | maxDets=100 ] = 0.522
 Average Recall     (AR) @[ IoU=0.50:0.95 | area= large | maxDets=100 ] = 0.819
12/29 04:06:02 - mmengine - INFO - bbox_mAP_copypaste: 0.4073 0.6543 0.4082 0.0921 0.4238 0.7765
12/29 04:06:02 - mmengine - INFO - Epoch(val) [0][25/25]    coco/bbox_mAP: 0.4073  coco/bbox_mAP_50: 0.6543  coco/bbox_mAP_75: 0.4082  coco/bbox_mAP_s: 0.0921  coco/bbox_mAP_m: 0.4238  coco/bbox_mAP_l: 0.7765  data_time: 0.0305  time: 0.1548
{'coco/bbox_mAP': 0.4073, 'coco/bbox_mAP_50': 0.6543, 'coco/bbox_mAP_75': 0.4082, 'coco/bbox_mAP_s': 0.0921, 'coco/bbox_mAP_m': 0.4238, 'coco/bbox_mAP_l': 0.7765}
12/29 04:06:02 - mmengine - INFO - Optimizer groups: 103 .bias, 103 conv.weight, 97 other
-> Setup new lr: 0.00019
12/29 04:07:16 - mmengine - INFO - Evaluating bbox...
Loading and preparing results...
DONE (t=0.15s)
creating index...
::::::::::::::::::::::::CATS:::: {2: {'supercategory': 'person', 'id': 2, 'name': 'person'}, 0: {'supercategory': 'vehicle', 'id': 0, 'name': 'bicycle'}, 1: {'supercategory': 'vehicle', 'id': 1, 'name': 'car'}}
index created!
Running per image evaluation...
Evaluate annotation type *bbox*
DONE (t=2.20s).
Accumulating evaluation results...
DONE (t=0.24s).
 Average Precision  (AP) @[ IoU=0.50:0.95 | area=   all | maxDets=100 ] = 0.409
 Average Precision  (AP) @[ IoU=0.50      | area=   all | maxDets=100 ] = 0.657
 Average Precision  (AP) @[ IoU=0.75      | area=   all | maxDets=100 ] = 0.411
 Average Precision  (AP) @[ IoU=0.50:0.95 | area= small | maxDets=100 ] = 0.097
 Average Precision  (AP) @[ IoU=0.50:0.95 | area=medium | maxDets=100 ] = 0.425
 Average Precision  (AP) @[ IoU=0.50:0.95 | area= large | maxDets=100 ] = 0.779
 Average Recall     (AR) @[ IoU=0.50:0.95 | area=   all | maxDets=  1 ] = 0.202
 Average Recall     (AR) @[ IoU=0.50:0.95 | area=   all | maxDets= 10 ] = 0.445
 Average Recall     (AR) @[ IoU=0.50:0.95 | area=   all | maxDets=100 ] = 0.496
 Average Recall     (AR) @[ IoU=0.50:0.95 | area= small | maxDets=100 ] = 0.231
 Average Recall     (AR) @[ IoU=0.50:0.95 | area=medium | maxDets=100 ] = 0.515
 Average Recall     (AR) @[ IoU=0.50:0.95 | area= large | maxDets=100 ] = 0.824
12/29 04:07:18 - mmengine - INFO - bbox_mAP_copypaste: 0.4088 0.6570 0.4107 0.0974 0.4249 0.7788
12/29 04:07:18 - mmengine - INFO - Epoch(val) [0][25/25]    coco/bbox_mAP: 0.4088  coco/bbox_mAP_50: 0.6570  coco/bbox_mAP_75: 0.4107  coco/bbox_mAP_s: 0.0974  coco/bbox_mAP_m: 0.4249  coco/bbox_mAP_l: 0.7788  data_time: 0.0163  time: 0.1415
{'coco/bbox_mAP': 0.4088, 'coco/bbox_mAP_50': 0.657, 'coco/bbox_mAP_75': 0.4107, 'coco/bbox_mAP_s': 0.0974, 'coco/bbox_mAP_m': 0.4249, 'coco/bbox_mAP_l': 0.7788}
12/29 04:07:18 - mmengine - INFO - Optimizer groups: 103 .bias, 103 conv.weight, 97 other
-> Setup new lr: 0.00015
12/29 04:08:31 - mmengine - INFO - Evaluating bbox...
Loading and preparing results...
DONE (t=0.16s)
creating index...
::::::::::::::::::::::::CATS:::: {2: {'supercategory': 'person', 'id': 2, 'name': 'person'}, 0: {'supercategory': 'vehicle', 'id': 0, 'name': 'bicycle'}, 1: {'supercategory': 'vehicle', 'id': 1, 'name': 'car'}}
index created!
Running per image evaluation...
Evaluate annotation type *bbox*
DONE (t=2.05s).
Accumulating evaluation results...
DONE (t=0.22s).
 Average Precision  (AP) @[ IoU=0.50:0.95 | area=   all | maxDets=100 ] = 0.413
 Average Precision  (AP) @[ IoU=0.50      | area=   all | maxDets=100 ] = 0.656
 Average Precision  (AP) @[ IoU=0.75      | area=   all | maxDets=100 ] = 0.416
 Average Precision  (AP) @[ IoU=0.50:0.95 | area= small | maxDets=100 ] = 0.097
 Average Precision  (AP) @[ IoU=0.50:0.95 | area=medium | maxDets=100 ] = 0.430
 Average Precision  (AP) @[ IoU=0.50:0.95 | area= large | maxDets=100 ] = 0.779
 Average Recall     (AR) @[ IoU=0.50:0.95 | area=   all | maxDets=  1 ] = 0.203
 Average Recall     (AR) @[ IoU=0.50:0.95 | area=   all | maxDets= 10 ] = 0.448
 Average Recall     (AR) @[ IoU=0.50:0.95 | area=   all | maxDets=100 ] = 0.497
 Average Recall     (AR) @[ IoU=0.50:0.95 | area= small | maxDets=100 ] = 0.232
 Average Recall     (AR) @[ IoU=0.50:0.95 | area=medium | maxDets=100 ] = 0.519
 Average Recall     (AR) @[ IoU=0.50:0.95 | area= large | maxDets=100 ] = 0.823
12/29 04:08:33 - mmengine - INFO - bbox_mAP_copypaste: 0.4130 0.6556 0.4164 0.0967 0.4305 0.7790
12/29 04:08:33 - mmengine - INFO - Epoch(val) [0][25/25]    coco/bbox_mAP: 0.4130  coco/bbox_mAP_50: 0.6556  coco/bbox_mAP_75: 0.4164  coco/bbox_mAP_s: 0.0967  coco/bbox_mAP_m: 0.4305  coco/bbox_mAP_l: 0.7790  data_time: 0.0157  time: 0.1401
{'coco/bbox_mAP': 0.413, 'coco/bbox_mAP_50': 0.6556, 'coco/bbox_mAP_75': 0.4164, 'coco/bbox_mAP_s': 0.0967, 'coco/bbox_mAP_m': 0.4305, 'coco/bbox_mAP_l': 0.779}
