12/29 03:10:04 - mmengine - WARNING - Failed to search registry with scope "mmyolo" in the "log_processor" registry tree. As a workaround, the current "log_processor" registry in "mmengine" is used to build instance. This may cause unexpected failure when running the built modules. Please check whether "mmyolo" is a correct scope, or whether the registry is initialized.
12/29 03:10:04 - mmengine - INFO - 
------------------------------------------------------------
System environment:
    sys.platform: linux
    Python: 3.8.18 (default, Sep 11 2023, 13:40:15) [GCC 11.2.0]
    CUDA available: True
    numpy_random_seed: 1967795176
    GPU 0,1,2,3,4,5,6,7: NVIDIA A100-SXM4-40GB
    CUDA_HOME: /usr
    NVCC: Cuda compilation tools, release 11.5, V11.5.119
    GCC: gcc (Ubuntu 11.4.0-1ubuntu1~22.04) 11.4.0
    PyTorch: 1.10.1
    PyTorch compiling details: PyTorch built with:
  - GCC 7.3
  - C++ Version: 201402
  - Intel(R) oneAPI Math Kernel Library Version 2023.1-Product Build 20230303 for Intel(R) 64 architecture applications
  - Intel(R) MKL-DNN v2.2.3 (Git Hash 7336ca9f055cf1bfa13efb658fe15dc9b41f0740)
  - OpenMP 201511 (a.k.a. OpenMP 4.5)
  - LAPACK is enabled (usually provided by MKL)
  - NNPACK is enabled
  - CPU capability usage: AVX512
  - CUDA Runtime 11.3
  - NVCC architecture flags: -gencode;arch=compute_37,code=sm_37;-gencode;arch=compute_50,code=sm_50;-gencode;arch=compute_60,code=sm_60;-gencode;arch=compute_61,code=sm_61;-gencode;arch=compute_70,code=sm_70;-gencode;arch=compute_75,code=sm_75;-gencode;arch=compute_80,code=sm_80;-gencode;arch=compute_86,code=sm_86;-gencode;arch=compute_37,code=compute_37
  - CuDNN 8.2
  - Magma 2.5.2
  - Build settings: BLAS_INFO=mkl, BUILD_TYPE=Release, CUDA_VERSION=11.3, CUDNN_VERSION=8.2.0, CXX_COMPILER=/opt/rh/devtoolset-7/root/usr/bin/c++, CXX_FLAGS= -Wno-deprecated -fvisibility-inlines-hidden -DUSE_PTHREADPOOL -fopenmp -DNDEBUG -DUSE_KINETO -DUSE_FBGEMM -DUSE_QNNPACK -DUSE_PYTORCH_QNNPACK -DUSE_XNNPACK -DSYMBOLICATE_MOBILE_DEBUG_HANDLE -DEDGE_PROFILER_USE_KINETO -O2 -fPIC -Wno-narrowing -Wall -Wextra -Werror=return-type -Wno-missing-field-initializers -Wno-type-limits -Wno-array-bounds -Wno-unknown-pragmas -Wno-sign-compare -Wno-unused-parameter -Wno-unused-variable -Wno-unused-function -Wno-unused-result -Wno-unused-local-typedefs -Wno-strict-overflow -Wno-strict-aliasing -Wno-error=deprecated-declarations -Wno-stringop-overflow -Wno-psabi -Wno-error=pedantic -Wno-error=redundant-decls -Wno-error=old-style-cast -fdiagnostics-color=always -faligned-new -Wno-unused-but-set-variable -Wno-maybe-uninitialized -fno-math-errno -fno-trapping-math -Werror=format -Wno-stringop-overflow, LAPACK_INFO=mkl, PERF_WITH_AVX=1, PERF_WITH_AVX2=1, PERF_WITH_AVX512=1, TORCH_VERSION=1.10.1, USE_CUDA=ON, USE_CUDNN=ON, USE_EXCEPTION_PTR=1, USE_GFLAGS=OFF, USE_GLOG=OFF, USE_MKL=ON, USE_MKLDNN=ON, USE_MPI=OFF, USE_NCCL=ON, USE_NNPACK=ON, USE_OPENMP=ON, 

    TorchVision: 0.11.2
    OpenCV: 4.8.1
    MMEngine: 0.10.1

Runtime environment:
    cudnn_benchmark: True
    mp_cfg: {'mp_start_method': 'fork', 'opencv_num_threads': 0}
    dist_cfg: {'backend': 'nccl'}
    seed: 1967795176
    Distributed launcher: none
    Distributed training: False
    GPU number: 1
------------------------------------------------------------

12/29 03:10:05 - mmengine - INFO - Config:
_file_client_args = dict(backend='disk')
_multiscale_resize_transforms = [
    dict(
        transforms=[
            dict(scale=(
                640,
                640,
            ), type='YOLOv5KeepRatioResize'),
            dict(
                allow_scale_up=False,
                pad_val=dict(img=114),
                scale=(
                    640,
                    640,
                ),
                type='LetterResize'),
        ],
        type='Compose'),
    dict(
        transforms=[
            dict(scale=(
                320,
                320,
            ), type='YOLOv5KeepRatioResize'),
            dict(
                allow_scale_up=False,
                pad_val=dict(img=114),
                scale=(
                    320,
                    320,
                ),
                type='LetterResize'),
        ],
        type='Compose'),
    dict(
        transforms=[
            dict(scale=(
                960,
                960,
            ), type='YOLOv5KeepRatioResize'),
            dict(
                allow_scale_up=False,
                pad_val=dict(img=114),
                scale=(
                    960,
                    960,
                ),
                type='LetterResize'),
        ],
        type='Compose'),
]
affine_scale = 0.5
albu_train_transforms = [
    dict(p=0.01, type='Blur'),
    dict(p=0.01, type='MedianBlur'),
    dict(p=0.01, type='ToGray'),
    dict(p=0.01, type='CLAHE'),
]
base_lr = 0.01
batch_shapes_cfg = None
close_mosaic_epochs = 10
data_root = '/home/radu.berdan/datasets/cocoraw-v1/'
dataset_type = 'YOLOv5CocoDataset'
deepen_factor = 0.33
default_hooks = dict(
    checkpoint=dict(
        interval=1, max_keep_ckpts=2, save_best='auto', type='CheckpointHook'),
    logger=dict(
        interval=50,
        out_dir=
        './runs/runs-cocoraw-v1-2b-finetune/1703819404_yolo-x_lr-0.001_r-640_norm-max_finetuned_d-cocoraw-v1-nod+nod_0',
        type='LoggerHook'),
    param_scheduler=dict(type='ParamSchedulerHook'),
    sampler_seed=dict(type='DistSamplerSeedHook'),
    timer=dict(type='IterTimerHook'),
    visualization=dict(type='mmdet.DetVisualizationHook'))
default_scope = 'mmyolo'
env_cfg = dict(
    cudnn_benchmark=True,
    dist_cfg=dict(backend='nccl'),
    mp_cfg=dict(mp_start_method='fork', opencv_num_threads=0))
file_client_args = dict(backend='disk')
img_scale = (
    512,
    512,
)
img_scales = [
    (
        640,
        640,
    ),
    (
        320,
        320,
    ),
    (
        960,
        960,
    ),
]
img_type = 'rggb'
input_channels = 3
last_stage_out_channels = 1024
last_transform = [
    dict(prob=0.5, type='mmdet.RandomFlip'),
    dict(
        meta_keys=(
            'img_id',
            'img_path',
            'ori_shape',
            'img_shape',
            'flip',
            'flip_direction',
        ),
        type='mmdet.PackDetInputs'),
]
load_from = None
log_level = 'INFO'
log_processor = dict(by_epoch=True, type='LogProcessor', window_size=50)
loss_bbox_weight = 7.5
loss_cls_weight = 0.5
loss_dfl_weight = 0.375
lr_factor = 0.01
max_aspect_ratio = 100
max_epochs = 500
max_keep_ckpts = 2
model = dict(
    backbone=dict(
        act_cfg=dict(inplace=True, type='SiLU'),
        arch='P5',
        deepen_factor=1,
        input_channels=4,
        last_stage_out_channels=512,
        norm_cfg=dict(eps=0.001, momentum=0.03, type='BN'),
        preproc='norm-max',
        preproc_params=dict(
            hidden_size=32,
            mean=[
                0.10164573,
                0.18464398,
                0.18523392,
                0.14850278,
            ],
            n_layers=4,
            n_params=3,
            name='norm-max',
            rggb_max=16384,
            scale_test=1,
            std=[
                0.01161111,
                0.0380951,
                0.03821255,
                0.02815485,
            ],
            value=1),
        type='YOLOv8CSPDarknetPreproc',
        widen_factor=1.25),
    bbox_head=dict(
        bbox_coder=dict(type='DistancePointBBoxCoder'),
        head_module=dict(
            act_cfg=dict(inplace=True, type='SiLU'),
            featmap_strides=[
                8,
                16,
                32,
            ],
            in_channels=[
                256,
                512,
                512,
            ],
            norm_cfg=dict(eps=0.001, momentum=0.03, type='BN'),
            num_classes=3,
            reg_max=16,
            type='YOLOv8HeadModule',
            widen_factor=1.25),
        loss_bbox=dict(
            bbox_format='xyxy',
            iou_mode='ciou',
            loss_weight=7.5,
            reduction='sum',
            return_iou=False,
            type='IoULoss'),
        loss_cls=dict(
            loss_weight=0.5,
            reduction='none',
            type='mmdet.CrossEntropyLoss',
            use_sigmoid=True),
        loss_dfl=dict(
            loss_weight=0.375,
            reduction='mean',
            type='mmdet.DistributionFocalLoss'),
        prior_generator=dict(
            offset=0.5, strides=[
                8,
                16,
                32,
            ], type='mmdet.MlvlPointGenerator'),
        type='YOLOv8Head'),
    data_preprocessor=dict(
        bgr_to_rgb=False,
        mean=[
            0.0,
            0.0,
            0.0,
            0.0,
        ],
        std=[
            1,
            1,
            1,
            1,
        ],
        type='YOLOv5DetDataPreprocessor'),
    neck=dict(
        act_cfg=dict(inplace=True, type='SiLU'),
        deepen_factor=1,
        in_channels=[
            256,
            512,
            512,
        ],
        norm_cfg=dict(eps=0.001, momentum=0.03, type='BN'),
        num_csp_blocks=3,
        out_channels=[
            256,
            512,
            512,
        ],
        type='YOLOv8PAFPN',
        widen_factor=1.25),
    test_cfg=dict(
        max_per_img=300,
        multi_label=True,
        nms=dict(iou_threshold=0.7, type='nms'),
        nms_pre=30000,
        score_thr=0.001),
    train_cfg=dict(
        assigner=dict(
            alpha=0.5,
            beta=6.0,
            eps=1e-09,
            num_classes=3,
            topk=10,
            type='BatchTaskAlignedAssigner',
            use_ciou=True)),
    type='YOLODetector')
model_test_cfg = dict(
    max_per_img=300,
    multi_label=True,
    nms=dict(iou_threshold=0.7, type='nms'),
    nms_pre=30000,
    score_thr=0.001)
norm_cfg = dict(eps=0.001, momentum=0.03, type='BN')
num_classes = 80
num_det_layers = 3
optim_wrapper = dict(
    clip_grad=dict(max_norm=10.0),
    constructor='YOLOv5OptimizerConstructor',
    optimizer=dict(
        batch_size_per_gpu=16,
        lr=0.001,
        momentum=0.937,
        nesterov=True,
        type='SGD',
        weight_decay=0.0005),
    type='OptimWrapper')
optimizer_config = dict(
    cumulative_iters=4, type='GradientCumulativeOptimizerHook')
pad_val = 0
persistent_workers = True
pre_transform = [
    dict(
        file_client_args=dict(backend='disk'),
        img_type='rggb',
        type='LoadImageFromFile'),
    dict(type='LoadAnnotations', with_bbox=True),
]
resume = False
save_epoch_intervals = 1
strides = [
    8,
    16,
    32,
]
tal_alpha = 0.5
tal_beta = 6.0
tal_topk = 10
test_cfg = dict(type='TestLoop')
test_dataloader = dict(
    batch_size=16,
    dataset=dict(
        ann_file='annotations/raw_new_Nikon750_test_flip.json',
        batch_shapes_cfg=None,
        data_prefix=dict(img='raw/'),
        data_root='/home/radu.berdan/datasets/NOD_h400/',
        pipeline=[
            dict(
                file_client_args=dict(backend='disk'),
                scale=1,
                type='LoadImageFromFileRAW'),
            dict(type='LoadAnnotations', with_bbox=True),
            dict(
                allow_scale_up=False,
                pad_val=dict(img=0),
                scale=(
                    640,
                    640,
                ),
                type='LetterResize'),
            dict(_scope_='mmdet', type='LoadAnnotations', with_bbox=True),
            dict(
                meta_keys=(
                    'img_id',
                    'img_path',
                    'ori_shape',
                    'img_shape',
                    'scale_factor',
                    'pad_param',
                ),
                type='mmdet.PackDetInputs'),
        ],
        test_mode=True,
        type='YOLOv5CocoDataset'),
    drop_last=False,
    num_workers=2,
    persistent_workers=True,
    pin_memory=True,
    sampler=dict(shuffle=False, type='DefaultSampler'))
test_evaluator = dict(
    ann_file=
    '/home/radu.berdan/datasets/NOD_h400/annotations/raw_new_Nikon750_test_flip.json',
    metric='bbox',
    proposal_nums=(
        100,
        1,
        10,
    ),
    type='mmdet.CocoMetric')
test_pipeline = [
    dict(
        file_client_args=dict(backend='disk'),
        img_type='rggb',
        type='LoadImageFromFile'),
    dict(scale=(
        512,
        512,
    ), type='YOLOv5KeepRatioResize'),
    dict(
        allow_scale_up=False,
        pad_val=dict(img=0),
        scale=(
            512,
            512,
        ),
        type='LetterResize'),
    dict(_scope_='mmdet', type='LoadAnnotations', with_bbox=True),
    dict(
        meta_keys=(
            'img_id',
            'img_path',
            'ori_shape',
            'img_shape',
            'scale_factor',
            'pad_param',
        ),
        type='mmdet.PackDetInputs'),
]
train_ann_file = 'annotations/instances_train2017_3cat.json'
train_batch_size_per_gpu = 16
train_cfg = dict(
    dynamic_intervals=[],
    max_epochs=20,
    type='EpochBasedTrainLoop',
    val_interval=1)
train_data_prefix = 'images/train2017/'
train_dataloader = dict(
    batch_size=16,
    collate_fn=dict(type='yolov5_collate'),
    dataset=dict(
        ann_file='annotations/cocoraw-v1-nod+nod_train_0.json',
        data_prefix=dict(img=''),
        data_root='/home/radu.berdan/datasets/',
        filter_cfg=dict(filter_empty_gt=False, min_size=32),
        pipeline=[
            dict(
                file_client_args=dict(backend='disk'),
                scale=1,
                type='LoadImageFromFileRAW'),
            dict(type='LoadAnnotations', with_bbox=True),
            dict(scale=(
                640,
                640,
            ), type='YOLOv5KeepRatioResize'),
            dict(
                allow_scale_up=False,
                pad_val=dict(img=0),
                scale=(
                    640,
                    640,
                ),
                type='LetterResize'),
            dict(prob=0.5, type='mmdet.RandomFlip'),
            dict(
                meta_keys=(
                    'img_id',
                    'img_path',
                    'ori_shape',
                    'img_shape',
                    'flip',
                    'flip_direction',
                ),
                type='mmdet.PackDetInputs'),
        ],
        type='YOLOv5CocoDataset'),
    num_workers=8,
    persistent_workers=True,
    pin_memory=True,
    sampler=dict(shuffle=True, type='DefaultSampler'))
train_num_workers = 8
train_pipeline = [
    dict(
        file_client_args=dict(backend='disk'),
        img_type='rggb',
        type='LoadImageFromFile'),
    dict(type='LoadAnnotations', with_bbox=True),
    dict(scale=(
        512,
        512,
    ), type='YOLOv5KeepRatioResize'),
    dict(
        allow_scale_up=False,
        pad_val=dict(img=0),
        scale=(
            512,
            512,
        ),
        type='LetterResize'),
    dict(prob=0.5, type='mmdet.RandomFlip'),
    dict(
        meta_keys=(
            'img_id',
            'img_path',
            'ori_shape',
            'img_shape',
            'flip',
            'flip_direction',
        ),
        type='mmdet.PackDetInputs'),
]
train_pipeline_stage2 = [
    dict(file_client_args=dict(backend='disk'), type='LoadImageFromFile'),
    dict(type='LoadAnnotations', with_bbox=True),
    dict(scale=(
        640,
        640,
    ), type='YOLOv5KeepRatioResize'),
    dict(
        allow_scale_up=True,
        pad_val=dict(img=114.0),
        scale=(
            640,
            640,
        ),
        type='LetterResize'),
    dict(
        border_val=(
            114,
            114,
            114,
        ),
        max_aspect_ratio=100,
        max_rotate_degree=0.0,
        max_shear_degree=0.0,
        scaling_ratio_range=(
            0.5,
            1.5,
        ),
        type='YOLOv5RandomAffine'),
    dict(
        bbox_params=dict(
            format='pascal_voc',
            label_fields=[
                'gt_bboxes_labels',
                'gt_ignore_flags',
            ],
            type='BboxParams'),
        keymap=dict(gt_bboxes='bboxes', img='image'),
        transforms=[
            dict(p=0.01, type='Blur'),
            dict(p=0.01, type='MedianBlur'),
            dict(p=0.01, type='ToGray'),
            dict(p=0.01, type='CLAHE'),
        ],
        type='mmdet.Albu'),
    dict(type='YOLOv5HSVRandomAug'),
    dict(prob=0.5, type='mmdet.RandomFlip'),
    dict(
        meta_keys=(
            'img_id',
            'img_path',
            'ori_shape',
            'img_shape',
            'flip',
            'flip_direction',
        ),
        type='mmdet.PackDetInputs'),
]
tta_model = dict(
    tta_cfg=dict(max_per_img=300, nms=dict(iou_threshold=0.65, type='nms')),
    type='mmdet.DetTTAModel')
tta_pipeline = [
    dict(file_client_args=dict(backend='disk'), type='LoadImageFromFile'),
    dict(
        transforms=[
            [
                dict(
                    transforms=[
                        dict(scale=(
                            640,
                            640,
                        ), type='YOLOv5KeepRatioResize'),
                        dict(
                            allow_scale_up=False,
                            pad_val=dict(img=114),
                            scale=(
                                640,
                                640,
                            ),
                            type='LetterResize'),
                    ],
                    type='Compose'),
                dict(
                    transforms=[
                        dict(scale=(
                            320,
                            320,
                        ), type='YOLOv5KeepRatioResize'),
                        dict(
                            allow_scale_up=False,
                            pad_val=dict(img=114),
                            scale=(
                                320,
                                320,
                            ),
                            type='LetterResize'),
                    ],
                    type='Compose'),
                dict(
                    transforms=[
                        dict(scale=(
                            960,
                            960,
                        ), type='YOLOv5KeepRatioResize'),
                        dict(
                            allow_scale_up=False,
                            pad_val=dict(img=114),
                            scale=(
                                960,
                                960,
                            ),
                            type='LetterResize'),
                    ],
                    type='Compose'),
            ],
            [
                dict(prob=1.0, type='mmdet.RandomFlip'),
                dict(prob=0.0, type='mmdet.RandomFlip'),
            ],
            [
                dict(type='mmdet.LoadAnnotations', with_bbox=True),
            ],
            [
                dict(
                    meta_keys=(
                        'img_id',
                        'img_path',
                        'ori_shape',
                        'img_shape',
                        'scale_factor',
                        'pad_param',
                        'flip',
                        'flip_direction',
                    ),
                    type='mmdet.PackDetInputs'),
            ],
        ],
        type='TestTimeAug'),
]
val_ann_file = 'annotations/instances_val2017_3cat.json'
val_batch_size_per_gpu = 16
val_cfg = dict(type='ValLoop')
val_data_prefix = 'images/val2017/'
val_dataloader = dict(
    batch_size=16,
    dataset=dict(
        ann_file='annotations/raw_new_Nikon750_test_flip.json',
        batch_shapes_cfg=None,
        data_prefix=dict(img='raw/'),
        data_root='/home/radu.berdan/datasets/NOD_h400/',
        pipeline=[
            dict(
                file_client_args=dict(backend='disk'),
                scale=1,
                type='LoadImageFromFileRAW'),
            dict(type='LoadAnnotations', with_bbox=True),
            dict(
                allow_scale_up=False,
                pad_val=dict(img=0),
                scale=(
                    640,
                    640,
                ),
                type='LetterResize'),
            dict(_scope_='mmdet', type='LoadAnnotations', with_bbox=True),
            dict(
                meta_keys=(
                    'img_id',
                    'img_path',
                    'ori_shape',
                    'img_shape',
                    'scale_factor',
                    'pad_param',
                ),
                type='mmdet.PackDetInputs'),
        ],
        test_mode=True,
        type='YOLOv5CocoDataset'),
    drop_last=False,
    num_workers=2,
    persistent_workers=True,
    pin_memory=True,
    sampler=dict(shuffle=False, type='DefaultSampler'))
val_evaluator = dict(
    ann_file=
    '/home/radu.berdan/datasets/NOD_h400/annotations/raw_new_Nikon750_test_flip.json',
    metric='bbox',
    proposal_nums=(
        100,
        1,
        10,
    ),
    type='mmdet.CocoMetric')
val_interval_stage2 = 1
val_num_workers = 2
vis_backends = [
    dict(type='LocalVisBackend'),
]
visualizer = dict(
    name='visualizer',
    type='mmdet.DetLocalVisualizer',
    vis_backends=[
        dict(type='LocalVisBackend'),
    ])
weight_decay = 0.0005
widen_factor = 0.25
work_dir = './work_dirs/1703819404_yolo-x_lr-0.001_r-640_norm-max_finetuned_d-cocoraw-v1-nod+nod_0/'

-> PREPROC norm-max
-> PREPROC norm-max
!!!!!!!!!!!!!!!!!!!!!!!! Building preproc layer {'name': 'norm-max', 'value': 1, 'rggb_max': 16384, 'hidden_size': 32, 'n_layers': 4, 'n_params': 3, 'mean': [0.10164573, 0.18464398, 0.18523392, 0.14850278], 'std': [0.01161111, 0.0380951, 0.03821255, 0.02815485], 'scale_test': 1}
-> Building simple norm max layer.
12/29 03:10:12 - mmengine - INFO - Distributed training is not used, all SyncBatchNorm (SyncBN) layers in the model will be automatically reverted to BatchNormXd layers if they are used.
12/29 03:10:12 - mmengine - WARNING - "FileClient" will be deprecated in future. Please use io functions in https://mmengine.readthedocs.io/en/latest/api/fileio.html#file-io
12/29 03:10:12 - mmengine - WARNING - "HardDiskBackend" is the alias of "LocalBackend" and the former will be deprecated in future.
12/29 03:10:12 - mmengine - INFO - Hooks will be executed in the following order:
before_run:
(VERY_HIGH   ) RuntimeInfoHook                    
(BELOW_NORMAL) LoggerHook                         
 -------------------- 
before_train:
(VERY_HIGH   ) RuntimeInfoHook                    
(NORMAL      ) IterTimerHook                      
(VERY_LOW    ) CheckpointHook                     
 -------------------- 
before_train_epoch:
(VERY_HIGH   ) RuntimeInfoHook                    
(NORMAL      ) IterTimerHook                      
(NORMAL      ) DistSamplerSeedHook                
 -------------------- 
before_train_iter:
(VERY_HIGH   ) RuntimeInfoHook                    
(NORMAL      ) IterTimerHook                      
 -------------------- 
after_train_iter:
(VERY_HIGH   ) RuntimeInfoHook                    
(NORMAL      ) IterTimerHook                      
(BELOW_NORMAL) LoggerHook                         
(LOW         ) ParamSchedulerHook                 
(VERY_LOW    ) CheckpointHook                     
 -------------------- 
after_train_epoch:
(NORMAL      ) IterTimerHook                      
(LOW         ) ParamSchedulerHook                 
(VERY_LOW    ) CheckpointHook                     
 -------------------- 
before_val:
(VERY_HIGH   ) RuntimeInfoHook                    
 -------------------- 
before_val_epoch:
(NORMAL      ) IterTimerHook                      
 -------------------- 
before_val_iter:
(NORMAL      ) IterTimerHook                      
 -------------------- 
after_val_iter:
(NORMAL      ) IterTimerHook                      
(NORMAL      ) DetVisualizationHook               
(BELOW_NORMAL) LoggerHook                         
 -------------------- 
after_val_epoch:
(VERY_HIGH   ) RuntimeInfoHook                    
(NORMAL      ) IterTimerHook                      
(BELOW_NORMAL) LoggerHook                         
(LOW         ) ParamSchedulerHook                 
(VERY_LOW    ) CheckpointHook                     
 -------------------- 
after_val:
(VERY_HIGH   ) RuntimeInfoHook                    
 -------------------- 
after_train:
(VERY_HIGH   ) RuntimeInfoHook                    
(VERY_LOW    ) CheckpointHook                     
 -------------------- 
before_test:
(VERY_HIGH   ) RuntimeInfoHook                    
 -------------------- 
before_test_epoch:
(NORMAL      ) IterTimerHook                      
 -------------------- 
before_test_iter:
(NORMAL      ) IterTimerHook                      
 -------------------- 
after_test_iter:
(NORMAL      ) IterTimerHook                      
(NORMAL      ) DetVisualizationHook               
(BELOW_NORMAL) LoggerHook                         
 -------------------- 
after_test_epoch:
(VERY_HIGH   ) RuntimeInfoHook                    
(NORMAL      ) IterTimerHook                      
(BELOW_NORMAL) LoggerHook                         
 -------------------- 
after_test:
(VERY_HIGH   ) RuntimeInfoHook                    
 -------------------- 
after_run:
(BELOW_NORMAL) LoggerHook                         
 -------------------- 
loading annotations into memory...
Done (t=0.18s)
creating index...
::::::::::::::::::::::::CATS:::: {2: {'supercategory': 'person', 'id': 2, 'name': 'person'}, 0: {'supercategory': 'vehicle', 'id': 0, 'name': 'bicycle'}, 1: {'supercategory': 'vehicle', 'id': 1, 'name': 'car'}}
index created!
loading annotations into memory...
Done (t=0.01s)
creating index...
::::::::::::::::::::::::CATS:::: {2: {'supercategory': 'person', 'id': 2, 'name': 'person'}, 0: {'supercategory': 'vehicle', 'id': 0, 'name': 'bicycle'}, 1: {'supercategory': 'vehicle', 'id': 1, 'name': 'car'}}
index created!
loading annotations into memory...
Done (t=0.01s)
creating index...
::::::::::::::::::::::::CATS:::: {2: {'supercategory': 'person', 'id': 2, 'name': 'person'}, 0: {'supercategory': 'vehicle', 'id': 0, 'name': 'bicycle'}, 1: {'supercategory': 'vehicle', 'id': 1, 'name': 'car'}}
index created!
12/29 03:10:14 - mmengine - INFO - Text logs will be saved to ./runs/runs-cocoraw-v1-2b-finetune/1703819404_yolo-x_lr-0.001_r-640_norm-max_finetuned_d-cocoraw-v1-nod+nod_0/1703819404_yolo-x_lr-0.001_r-640_norm-max_finetuned_d-cocoraw-v1-nod+nod_0 after the training process.
12/29 03:10:17 - mmengine - INFO - Checkpoints will be saved to /home/radu.berdan/work/OD/work_dirs/1703819404_yolo-x_lr-0.001_r-640_norm-max_finetuned_d-cocoraw-v1-nod+nod_0.
########################################################################################################################################################################################################
Starting: 1703819404_yolo-x_lr-0.001_r-640_norm-max_finetuned_d-cocoraw-v1-nod+nod_0
train: annotations/cocoraw-v1-nod+nod_train_0.json
test:  annotations/raw_new_Nikon750_test_flip.json
12/29 03:10:17 - mmengine - INFO - Optimizer groups: 103 .bias, 103 conv.weight, 97 other
-> Setup new lr: 0.001
/home/radu.berdan/anaconda3/envs/mmyolo/lib/python3.8/site-packages/torch/functional.py:445: UserWarning: torch.meshgrid: in an upcoming release, it will be required to pass the indexing argument. (Triggered internally at  /opt/conda/conda-bld/pytorch_1639180588308/work/aten/src/ATen/native/TensorShape.cpp:2157.)
  return _VF.meshgrid(tensors, **kwargs)  # type: ignore[attr-defined]
12/29 03:11:42 - mmengine - INFO - Evaluating bbox...
Loading and preparing results...
DONE (t=0.23s)
creating index...
::::::::::::::::::::::::CATS:::: {2: {'supercategory': 'person', 'id': 2, 'name': 'person'}, 0: {'supercategory': 'vehicle', 'id': 0, 'name': 'bicycle'}, 1: {'supercategory': 'vehicle', 'id': 1, 'name': 'car'}}
index created!
Running per image evaluation...
Evaluate annotation type *bbox*
DONE (t=3.86s).
Accumulating evaluation results...
DONE (t=0.54s).
 Average Precision  (AP) @[ IoU=0.50:0.95 | area=   all | maxDets=100 ] = 0.348
 Average Precision  (AP) @[ IoU=0.50      | area=   all | maxDets=100 ] = 0.579
 Average Precision  (AP) @[ IoU=0.75      | area=   all | maxDets=100 ] = 0.348
 Average Precision  (AP) @[ IoU=0.50:0.95 | area= small | maxDets=100 ] = 0.063
 Average Precision  (AP) @[ IoU=0.50:0.95 | area=medium | maxDets=100 ] = 0.344
 Average Precision  (AP) @[ IoU=0.50:0.95 | area= large | maxDets=100 ] = 0.717
 Average Recall     (AR) @[ IoU=0.50:0.95 | area=   all | maxDets=  1 ] = 0.181
 Average Recall     (AR) @[ IoU=0.50:0.95 | area=   all | maxDets= 10 ] = 0.388
 Average Recall     (AR) @[ IoU=0.50:0.95 | area=   all | maxDets=100 ] = 0.470
 Average Recall     (AR) @[ IoU=0.50:0.95 | area= small | maxDets=100 ] = 0.222
 Average Recall     (AR) @[ IoU=0.50:0.95 | area=medium | maxDets=100 ] = 0.488
 Average Recall     (AR) @[ IoU=0.50:0.95 | area= large | maxDets=100 ] = 0.780
12/29 03:11:47 - mmengine - INFO - bbox_mAP_copypaste: 0.3476 0.5788 0.3483 0.0629 0.3437 0.7168
12/29 03:11:47 - mmengine - INFO - Epoch(val) [0][25/25]    coco/bbox_mAP: 0.3476  coco/bbox_mAP_50: 0.5788  coco/bbox_mAP_75: 0.3483  coco/bbox_mAP_s: 0.0629  coco/bbox_mAP_m: 0.3437  coco/bbox_mAP_l: 0.7168  data_time: 0.0973  time: 0.2201
12/29 03:11:49 - mmengine - INFO - The best checkpoint with 0.3476 coco/bbox_mAP at 0 epoch is saved to best_coco_bbox_mAP_epoch_0.pth.
{'coco/bbox_mAP': 0.3476, 'coco/bbox_mAP_50': 0.5788, 'coco/bbox_mAP_75': 0.3483, 'coco/bbox_mAP_s': 0.0629, 'coco/bbox_mAP_m': 0.3437, 'coco/bbox_mAP_l': 0.7168}
12/29 03:11:49 - mmengine - INFO - Optimizer groups: 103 .bias, 103 conv.weight, 97 other
-> Setup new lr: 0.00096
12/29 03:13:03 - mmengine - INFO - Evaluating bbox...
Loading and preparing results...
DONE (t=0.23s)
creating index...
::::::::::::::::::::::::CATS:::: {2: {'supercategory': 'person', 'id': 2, 'name': 'person'}, 0: {'supercategory': 'vehicle', 'id': 0, 'name': 'bicycle'}, 1: {'supercategory': 'vehicle', 'id': 1, 'name': 'car'}}
index created!
Running per image evaluation...
Evaluate annotation type *bbox*
DONE (t=3.78s).
Accumulating evaluation results...
DONE (t=0.56s).
 Average Precision  (AP) @[ IoU=0.50:0.95 | area=   all | maxDets=100 ] = 0.350
 Average Precision  (AP) @[ IoU=0.50      | area=   all | maxDets=100 ] = 0.580
 Average Precision  (AP) @[ IoU=0.75      | area=   all | maxDets=100 ] = 0.347
 Average Precision  (AP) @[ IoU=0.50:0.95 | area= small | maxDets=100 ] = 0.067
 Average Precision  (AP) @[ IoU=0.50:0.95 | area=medium | maxDets=100 ] = 0.345
 Average Precision  (AP) @[ IoU=0.50:0.95 | area= large | maxDets=100 ] = 0.713
 Average Recall     (AR) @[ IoU=0.50:0.95 | area=   all | maxDets=  1 ] = 0.182
 Average Recall     (AR) @[ IoU=0.50:0.95 | area=   all | maxDets= 10 ] = 0.389
 Average Recall     (AR) @[ IoU=0.50:0.95 | area=   all | maxDets=100 ] = 0.471
 Average Recall     (AR) @[ IoU=0.50:0.95 | area= small | maxDets=100 ] = 0.234
 Average Recall     (AR) @[ IoU=0.50:0.95 | area=medium | maxDets=100 ] = 0.489
 Average Recall     (AR) @[ IoU=0.50:0.95 | area= large | maxDets=100 ] = 0.772
12/29 03:13:08 - mmengine - INFO - bbox_mAP_copypaste: 0.3496 0.5804 0.3473 0.0673 0.3446 0.7131
12/29 03:13:08 - mmengine - INFO - Epoch(val) [0][25/25]    coco/bbox_mAP: 0.3496  coco/bbox_mAP_50: 0.5804  coco/bbox_mAP_75: 0.3473  coco/bbox_mAP_s: 0.0673  coco/bbox_mAP_m: 0.3446  coco/bbox_mAP_l: 0.7131  data_time: 0.0227  time: 0.1507
12/29 03:13:08 - mmengine - INFO - The previous best checkpoint /home/radu.berdan/work/OD/work_dirs/1703819404_yolo-x_lr-0.001_r-640_norm-max_finetuned_d-cocoraw-v1-nod+nod_0/best_coco_bbox_mAP_epoch_0.pth is removed
12/29 03:13:10 - mmengine - INFO - The best checkpoint with 0.3496 coco/bbox_mAP at 0 epoch is saved to best_coco_bbox_mAP_epoch_0.pth.
{'coco/bbox_mAP': 0.3496, 'coco/bbox_mAP_50': 0.5804, 'coco/bbox_mAP_75': 0.3473, 'coco/bbox_mAP_s': 0.0673, 'coco/bbox_mAP_m': 0.3446, 'coco/bbox_mAP_l': 0.7131}
12/29 03:13:10 - mmengine - INFO - Optimizer groups: 103 .bias, 103 conv.weight, 97 other
-> Setup new lr: 0.00091
12/29 03:14:24 - mmengine - INFO - Evaluating bbox...
Loading and preparing results...
DONE (t=0.21s)
creating index...
::::::::::::::::::::::::CATS:::: {2: {'supercategory': 'person', 'id': 2, 'name': 'person'}, 0: {'supercategory': 'vehicle', 'id': 0, 'name': 'bicycle'}, 1: {'supercategory': 'vehicle', 'id': 1, 'name': 'car'}}
index created!
Running per image evaluation...
Evaluate annotation type *bbox*
DONE (t=3.83s).
Accumulating evaluation results...
DONE (t=0.47s).
 Average Precision  (AP) @[ IoU=0.50:0.95 | area=   all | maxDets=100 ] = 0.353
 Average Precision  (AP) @[ IoU=0.50      | area=   all | maxDets=100 ] = 0.581
 Average Precision  (AP) @[ IoU=0.75      | area=   all | maxDets=100 ] = 0.355
 Average Precision  (AP) @[ IoU=0.50:0.95 | area= small | maxDets=100 ] = 0.065
 Average Precision  (AP) @[ IoU=0.50:0.95 | area=medium | maxDets=100 ] = 0.348
 Average Precision  (AP) @[ IoU=0.50:0.95 | area= large | maxDets=100 ] = 0.722
 Average Recall     (AR) @[ IoU=0.50:0.95 | area=   all | maxDets=  1 ] = 0.184
 Average Recall     (AR) @[ IoU=0.50:0.95 | area=   all | maxDets= 10 ] = 0.389
 Average Recall     (AR) @[ IoU=0.50:0.95 | area=   all | maxDets=100 ] = 0.468
 Average Recall     (AR) @[ IoU=0.50:0.95 | area= small | maxDets=100 ] = 0.229
 Average Recall     (AR) @[ IoU=0.50:0.95 | area=medium | maxDets=100 ] = 0.483
 Average Recall     (AR) @[ IoU=0.50:0.95 | area= large | maxDets=100 ] = 0.776
12/29 03:14:28 - mmengine - INFO - bbox_mAP_copypaste: 0.3527 0.5810 0.3545 0.0651 0.3485 0.7221
12/29 03:14:29 - mmengine - INFO - Epoch(val) [0][25/25]    coco/bbox_mAP: 0.3527  coco/bbox_mAP_50: 0.5810  coco/bbox_mAP_75: 0.3545  coco/bbox_mAP_s: 0.0651  coco/bbox_mAP_m: 0.3485  coco/bbox_mAP_l: 0.7221  data_time: 0.0158  time: 0.1430
12/29 03:14:29 - mmengine - INFO - The previous best checkpoint /home/radu.berdan/work/OD/work_dirs/1703819404_yolo-x_lr-0.001_r-640_norm-max_finetuned_d-cocoraw-v1-nod+nod_0/best_coco_bbox_mAP_epoch_0.pth is removed
12/29 03:14:30 - mmengine - INFO - The best checkpoint with 0.3527 coco/bbox_mAP at 0 epoch is saved to best_coco_bbox_mAP_epoch_0.pth.
{'coco/bbox_mAP': 0.3527, 'coco/bbox_mAP_50': 0.581, 'coco/bbox_mAP_75': 0.3545, 'coco/bbox_mAP_s': 0.0651, 'coco/bbox_mAP_m': 0.3485, 'coco/bbox_mAP_l': 0.7221}
12/29 03:14:30 - mmengine - INFO - Optimizer groups: 103 .bias, 103 conv.weight, 97 other
-> Setup new lr: 0.00086
12/29 03:15:45 - mmengine - INFO - Evaluating bbox...
Loading and preparing results...
DONE (t=0.22s)
creating index...
::::::::::::::::::::::::CATS:::: {2: {'supercategory': 'person', 'id': 2, 'name': 'person'}, 0: {'supercategory': 'vehicle', 'id': 0, 'name': 'bicycle'}, 1: {'supercategory': 'vehicle', 'id': 1, 'name': 'car'}}
index created!
Running per image evaluation...
Evaluate annotation type *bbox*
DONE (t=3.57s).
Accumulating evaluation results...
DONE (t=0.46s).
 Average Precision  (AP) @[ IoU=0.50:0.95 | area=   all | maxDets=100 ] = 0.349
 Average Precision  (AP) @[ IoU=0.50      | area=   all | maxDets=100 ] = 0.579
 Average Precision  (AP) @[ IoU=0.75      | area=   all | maxDets=100 ] = 0.349
 Average Precision  (AP) @[ IoU=0.50:0.95 | area= small | maxDets=100 ] = 0.064
 Average Precision  (AP) @[ IoU=0.50:0.95 | area=medium | maxDets=100 ] = 0.345
 Average Precision  (AP) @[ IoU=0.50:0.95 | area= large | maxDets=100 ] = 0.714
 Average Recall     (AR) @[ IoU=0.50:0.95 | area=   all | maxDets=  1 ] = 0.183
 Average Recall     (AR) @[ IoU=0.50:0.95 | area=   all | maxDets= 10 ] = 0.388
 Average Recall     (AR) @[ IoU=0.50:0.95 | area=   all | maxDets=100 ] = 0.466
 Average Recall     (AR) @[ IoU=0.50:0.95 | area= small | maxDets=100 ] = 0.231
 Average Recall     (AR) @[ IoU=0.50:0.95 | area=medium | maxDets=100 ] = 0.478
 Average Recall     (AR) @[ IoU=0.50:0.95 | area= large | maxDets=100 ] = 0.770
12/29 03:15:49 - mmengine - INFO - bbox_mAP_copypaste: 0.3490 0.5792 0.3485 0.0637 0.3446 0.7141
12/29 03:15:49 - mmengine - INFO - Epoch(val) [0][25/25]    coco/bbox_mAP: 0.3490  coco/bbox_mAP_50: 0.5792  coco/bbox_mAP_75: 0.3485  coco/bbox_mAP_s: 0.0637  coco/bbox_mAP_m: 0.3446  coco/bbox_mAP_l: 0.7141  data_time: 0.0373  time: 0.1681
{'coco/bbox_mAP': 0.349, 'coco/bbox_mAP_50': 0.5792, 'coco/bbox_mAP_75': 0.3485, 'coco/bbox_mAP_s': 0.0637, 'coco/bbox_mAP_m': 0.3446, 'coco/bbox_mAP_l': 0.7141}
12/29 03:15:49 - mmengine - INFO - Optimizer groups: 103 .bias, 103 conv.weight, 97 other
-> Setup new lr: 0.00082
12/29 03:17:03 - mmengine - INFO - Evaluating bbox...
Loading and preparing results...
DONE (t=0.19s)
creating index...
::::::::::::::::::::::::CATS:::: {2: {'supercategory': 'person', 'id': 2, 'name': 'person'}, 0: {'supercategory': 'vehicle', 'id': 0, 'name': 'bicycle'}, 1: {'supercategory': 'vehicle', 'id': 1, 'name': 'car'}}
index created!
Running per image evaluation...
Evaluate annotation type *bbox*
DONE (t=3.30s).
Accumulating evaluation results...
DONE (t=0.42s).
 Average Precision  (AP) @[ IoU=0.50:0.95 | area=   all | maxDets=100 ] = 0.347
 Average Precision  (AP) @[ IoU=0.50      | area=   all | maxDets=100 ] = 0.583
 Average Precision  (AP) @[ IoU=0.75      | area=   all | maxDets=100 ] = 0.346
 Average Precision  (AP) @[ IoU=0.50:0.95 | area= small | maxDets=100 ] = 0.068
 Average Precision  (AP) @[ IoU=0.50:0.95 | area=medium | maxDets=100 ] = 0.339
 Average Precision  (AP) @[ IoU=0.50:0.95 | area= large | maxDets=100 ] = 0.712
 Average Recall     (AR) @[ IoU=0.50:0.95 | area=   all | maxDets=  1 ] = 0.182
 Average Recall     (AR) @[ IoU=0.50:0.95 | area=   all | maxDets= 10 ] = 0.390
 Average Recall     (AR) @[ IoU=0.50:0.95 | area=   all | maxDets=100 ] = 0.466
 Average Recall     (AR) @[ IoU=0.50:0.95 | area= small | maxDets=100 ] = 0.237
 Average Recall     (AR) @[ IoU=0.50:0.95 | area=medium | maxDets=100 ] = 0.479
 Average Recall     (AR) @[ IoU=0.50:0.95 | area= large | maxDets=100 ] = 0.767
12/29 03:17:07 - mmengine - INFO - bbox_mAP_copypaste: 0.3475 0.5833 0.3459 0.0683 0.3389 0.7117
12/29 03:17:07 - mmengine - INFO - Epoch(val) [0][25/25]    coco/bbox_mAP: 0.3475  coco/bbox_mAP_50: 0.5833  coco/bbox_mAP_75: 0.3459  coco/bbox_mAP_s: 0.0683  coco/bbox_mAP_m: 0.3389  coco/bbox_mAP_l: 0.7117  data_time: 0.0131  time: 0.1375
{'coco/bbox_mAP': 0.3475, 'coco/bbox_mAP_50': 0.5833, 'coco/bbox_mAP_75': 0.3459, 'coco/bbox_mAP_s': 0.0683, 'coco/bbox_mAP_m': 0.3389, 'coco/bbox_mAP_l': 0.7117}
12/29 03:17:07 - mmengine - INFO - Optimizer groups: 103 .bias, 103 conv.weight, 97 other
-> Setup new lr: 0.00078
12/29 03:18:20 - mmengine - INFO - Evaluating bbox...
Loading and preparing results...
DONE (t=0.17s)
creating index...
::::::::::::::::::::::::CATS:::: {2: {'supercategory': 'person', 'id': 2, 'name': 'person'}, 0: {'supercategory': 'vehicle', 'id': 0, 'name': 'bicycle'}, 1: {'supercategory': 'vehicle', 'id': 1, 'name': 'car'}}
index created!
Running per image evaluation...
Evaluate annotation type *bbox*
DONE (t=3.35s).
Accumulating evaluation results...
DONE (t=0.39s).
 Average Precision  (AP) @[ IoU=0.50:0.95 | area=   all | maxDets=100 ] = 0.347
 Average Precision  (AP) @[ IoU=0.50      | area=   all | maxDets=100 ] = 0.579
 Average Precision  (AP) @[ IoU=0.75      | area=   all | maxDets=100 ] = 0.345
 Average Precision  (AP) @[ IoU=0.50:0.95 | area= small | maxDets=100 ] = 0.064
 Average Precision  (AP) @[ IoU=0.50:0.95 | area=medium | maxDets=100 ] = 0.342
 Average Precision  (AP) @[ IoU=0.50:0.95 | area= large | maxDets=100 ] = 0.715
 Average Recall     (AR) @[ IoU=0.50:0.95 | area=   all | maxDets=  1 ] = 0.184
 Average Recall     (AR) @[ IoU=0.50:0.95 | area=   all | maxDets= 10 ] = 0.387
 Average Recall     (AR) @[ IoU=0.50:0.95 | area=   all | maxDets=100 ] = 0.465
 Average Recall     (AR) @[ IoU=0.50:0.95 | area= small | maxDets=100 ] = 0.232
 Average Recall     (AR) @[ IoU=0.50:0.95 | area=medium | maxDets=100 ] = 0.477
 Average Recall     (AR) @[ IoU=0.50:0.95 | area= large | maxDets=100 ] = 0.772
12/29 03:18:25 - mmengine - INFO - bbox_mAP_copypaste: 0.3474 0.5785 0.3454 0.0644 0.3423 0.7146
12/29 03:18:25 - mmengine - INFO - Epoch(val) [0][25/25]    coco/bbox_mAP: 0.3474  coco/bbox_mAP_50: 0.5785  coco/bbox_mAP_75: 0.3454  coco/bbox_mAP_s: 0.0644  coco/bbox_mAP_m: 0.3423  coco/bbox_mAP_l: 0.7146  data_time: 0.0188  time: 0.1400
{'coco/bbox_mAP': 0.3474, 'coco/bbox_mAP_50': 0.5785, 'coco/bbox_mAP_75': 0.3454, 'coco/bbox_mAP_s': 0.0644, 'coco/bbox_mAP_m': 0.3423, 'coco/bbox_mAP_l': 0.7146}
12/29 03:18:25 - mmengine - INFO - Optimizer groups: 103 .bias, 103 conv.weight, 97 other
-> Setup new lr: 0.00073
12/29 03:19:39 - mmengine - INFO - Evaluating bbox...
Loading and preparing results...
DONE (t=0.20s)
creating index...
::::::::::::::::::::::::CATS:::: {2: {'supercategory': 'person', 'id': 2, 'name': 'person'}, 0: {'supercategory': 'vehicle', 'id': 0, 'name': 'bicycle'}, 1: {'supercategory': 'vehicle', 'id': 1, 'name': 'car'}}
index created!
Running per image evaluation...
Evaluate annotation type *bbox*
DONE (t=3.31s).
Accumulating evaluation results...
DONE (t=0.42s).
 Average Precision  (AP) @[ IoU=0.50:0.95 | area=   all | maxDets=100 ] = 0.350
 Average Precision  (AP) @[ IoU=0.50      | area=   all | maxDets=100 ] = 0.583
 Average Precision  (AP) @[ IoU=0.75      | area=   all | maxDets=100 ] = 0.344
 Average Precision  (AP) @[ IoU=0.50:0.95 | area= small | maxDets=100 ] = 0.066
 Average Precision  (AP) @[ IoU=0.50:0.95 | area=medium | maxDets=100 ] = 0.344
 Average Precision  (AP) @[ IoU=0.50:0.95 | area= large | maxDets=100 ] = 0.719
 Average Recall     (AR) @[ IoU=0.50:0.95 | area=   all | maxDets=  1 ] = 0.183
 Average Recall     (AR) @[ IoU=0.50:0.95 | area=   all | maxDets= 10 ] = 0.388
 Average Recall     (AR) @[ IoU=0.50:0.95 | area=   all | maxDets=100 ] = 0.461
 Average Recall     (AR) @[ IoU=0.50:0.95 | area= small | maxDets=100 ] = 0.230
 Average Recall     (AR) @[ IoU=0.50:0.95 | area=medium | maxDets=100 ] = 0.470
 Average Recall     (AR) @[ IoU=0.50:0.95 | area= large | maxDets=100 ] = 0.771
12/29 03:19:43 - mmengine - INFO - bbox_mAP_copypaste: 0.3505 0.5833 0.3443 0.0664 0.3438 0.7187
12/29 03:19:43 - mmengine - INFO - Epoch(val) [0][25/25]    coco/bbox_mAP: 0.3505  coco/bbox_mAP_50: 0.5833  coco/bbox_mAP_75: 0.3443  coco/bbox_mAP_s: 0.0664  coco/bbox_mAP_m: 0.3438  coco/bbox_mAP_l: 0.7187  data_time: 0.0235  time: 0.1474
{'coco/bbox_mAP': 0.3505, 'coco/bbox_mAP_50': 0.5833, 'coco/bbox_mAP_75': 0.3443, 'coco/bbox_mAP_s': 0.0664, 'coco/bbox_mAP_m': 0.3438, 'coco/bbox_mAP_l': 0.7187}
12/29 03:19:43 - mmengine - INFO - Optimizer groups: 103 .bias, 103 conv.weight, 97 other
-> Setup new lr: 0.00068
12/29 03:20:56 - mmengine - INFO - Evaluating bbox...
Loading and preparing results...
DONE (t=0.19s)
creating index...
::::::::::::::::::::::::CATS:::: {2: {'supercategory': 'person', 'id': 2, 'name': 'person'}, 0: {'supercategory': 'vehicle', 'id': 0, 'name': 'bicycle'}, 1: {'supercategory': 'vehicle', 'id': 1, 'name': 'car'}}
index created!
Running per image evaluation...
Evaluate annotation type *bbox*
DONE (t=3.21s).
Accumulating evaluation results...
DONE (t=0.41s).
 Average Precision  (AP) @[ IoU=0.50:0.95 | area=   all | maxDets=100 ] = 0.344
 Average Precision  (AP) @[ IoU=0.50      | area=   all | maxDets=100 ] = 0.579
 Average Precision  (AP) @[ IoU=0.75      | area=   all | maxDets=100 ] = 0.340
 Average Precision  (AP) @[ IoU=0.50:0.95 | area= small | maxDets=100 ] = 0.066
 Average Precision  (AP) @[ IoU=0.50:0.95 | area=medium | maxDets=100 ] = 0.333
 Average Precision  (AP) @[ IoU=0.50:0.95 | area= large | maxDets=100 ] = 0.714
 Average Recall     (AR) @[ IoU=0.50:0.95 | area=   all | maxDets=  1 ] = 0.183
 Average Recall     (AR) @[ IoU=0.50:0.95 | area=   all | maxDets= 10 ] = 0.383
 Average Recall     (AR) @[ IoU=0.50:0.95 | area=   all | maxDets=100 ] = 0.455
 Average Recall     (AR) @[ IoU=0.50:0.95 | area= small | maxDets=100 ] = 0.228
 Average Recall     (AR) @[ IoU=0.50:0.95 | area=medium | maxDets=100 ] = 0.459
 Average Recall     (AR) @[ IoU=0.50:0.95 | area= large | maxDets=100 ] = 0.769
12/29 03:21:01 - mmengine - INFO - bbox_mAP_copypaste: 0.3439 0.5794 0.3400 0.0657 0.3329 0.7144
12/29 03:21:01 - mmengine - INFO - Epoch(val) [0][25/25]    coco/bbox_mAP: 0.3439  coco/bbox_mAP_50: 0.5794  coco/bbox_mAP_75: 0.3400  coco/bbox_mAP_s: 0.0657  coco/bbox_mAP_m: 0.3329  coco/bbox_mAP_l: 0.7144  data_time: 0.0258  time: 0.1483
{'coco/bbox_mAP': 0.3439, 'coco/bbox_mAP_50': 0.5794, 'coco/bbox_mAP_75': 0.34, 'coco/bbox_mAP_s': 0.0657, 'coco/bbox_mAP_m': 0.3329, 'coco/bbox_mAP_l': 0.7144}
12/29 03:21:01 - mmengine - INFO - Optimizer groups: 103 .bias, 103 conv.weight, 97 other
-> Setup new lr: 0.00064
12/29 03:22:14 - mmengine - INFO - Evaluating bbox...
Loading and preparing results...
DONE (t=0.05s)
creating index...
::::::::::::::::::::::::CATS:::: {2: {'supercategory': 'person', 'id': 2, 'name': 'person'}, 0: {'supercategory': 'vehicle', 'id': 0, 'name': 'bicycle'}, 1: {'supercategory': 'vehicle', 'id': 1, 'name': 'car'}}
index created!
Running per image evaluation...
Evaluate annotation type *bbox*
DONE (t=3.37s).
Accumulating evaluation results...
DONE (t=0.40s).
 Average Precision  (AP) @[ IoU=0.50:0.95 | area=   all | maxDets=100 ] = 0.344
 Average Precision  (AP) @[ IoU=0.50      | area=   all | maxDets=100 ] = 0.578
 Average Precision  (AP) @[ IoU=0.75      | area=   all | maxDets=100 ] = 0.333
 Average Precision  (AP) @[ IoU=0.50:0.95 | area= small | maxDets=100 ] = 0.070
 Average Precision  (AP) @[ IoU=0.50:0.95 | area=medium | maxDets=100 ] = 0.332
 Average Precision  (AP) @[ IoU=0.50:0.95 | area= large | maxDets=100 ] = 0.713
 Average Recall     (AR) @[ IoU=0.50:0.95 | area=   all | maxDets=  1 ] = 0.183
 Average Recall     (AR) @[ IoU=0.50:0.95 | area=   all | maxDets= 10 ] = 0.385
 Average Recall     (AR) @[ IoU=0.50:0.95 | area=   all | maxDets=100 ] = 0.458
 Average Recall     (AR) @[ IoU=0.50:0.95 | area= small | maxDets=100 ] = 0.234
 Average Recall     (AR) @[ IoU=0.50:0.95 | area=medium | maxDets=100 ] = 0.463
 Average Recall     (AR) @[ IoU=0.50:0.95 | area= large | maxDets=100 ] = 0.767
12/29 03:22:18 - mmengine - INFO - bbox_mAP_copypaste: 0.3438 0.5778 0.3335 0.0699 0.3317 0.7133
12/29 03:22:18 - mmengine - INFO - Epoch(val) [0][25/25]    coco/bbox_mAP: 0.3438  coco/bbox_mAP_50: 0.5778  coco/bbox_mAP_75: 0.3335  coco/bbox_mAP_s: 0.0699  coco/bbox_mAP_m: 0.3317  coco/bbox_mAP_l: 0.7133  data_time: 0.0199  time: 0.1478
{'coco/bbox_mAP': 0.3438, 'coco/bbox_mAP_50': 0.5778, 'coco/bbox_mAP_75': 0.3335, 'coco/bbox_mAP_s': 0.0699, 'coco/bbox_mAP_m': 0.3317, 'coco/bbox_mAP_l': 0.7133}
12/29 03:22:18 - mmengine - INFO - Optimizer groups: 103 .bias, 103 conv.weight, 97 other
-> Setup new lr: 0.0006
12/29 03:23:32 - mmengine - INFO - Evaluating bbox...
Loading and preparing results...
DONE (t=0.19s)
creating index...
::::::::::::::::::::::::CATS:::: {2: {'supercategory': 'person', 'id': 2, 'name': 'person'}, 0: {'supercategory': 'vehicle', 'id': 0, 'name': 'bicycle'}, 1: {'supercategory': 'vehicle', 'id': 1, 'name': 'car'}}
index created!
Running per image evaluation...
Evaluate annotation type *bbox*
DONE (t=3.04s).
Accumulating evaluation results...
DONE (t=0.40s).
 Average Precision  (AP) @[ IoU=0.50:0.95 | area=   all | maxDets=100 ] = 0.344
 Average Precision  (AP) @[ IoU=0.50      | area=   all | maxDets=100 ] = 0.575
 Average Precision  (AP) @[ IoU=0.75      | area=   all | maxDets=100 ] = 0.342
 Average Precision  (AP) @[ IoU=0.50:0.95 | area= small | maxDets=100 ] = 0.068
 Average Precision  (AP) @[ IoU=0.50:0.95 | area=medium | maxDets=100 ] = 0.336
 Average Precision  (AP) @[ IoU=0.50:0.95 | area= large | maxDets=100 ] = 0.707
 Average Recall     (AR) @[ IoU=0.50:0.95 | area=   all | maxDets=  1 ] = 0.181
 Average Recall     (AR) @[ IoU=0.50:0.95 | area=   all | maxDets= 10 ] = 0.384
 Average Recall     (AR) @[ IoU=0.50:0.95 | area=   all | maxDets=100 ] = 0.454
 Average Recall     (AR) @[ IoU=0.50:0.95 | area= small | maxDets=100 ] = 0.230
 Average Recall     (AR) @[ IoU=0.50:0.95 | area=medium | maxDets=100 ] = 0.462
 Average Recall     (AR) @[ IoU=0.50:0.95 | area= large | maxDets=100 ] = 0.759
12/29 03:23:36 - mmengine - INFO - bbox_mAP_copypaste: 0.3441 0.5749 0.3420 0.0680 0.3358 0.7066
12/29 03:23:36 - mmengine - INFO - Epoch(val) [0][25/25]    coco/bbox_mAP: 0.3441  coco/bbox_mAP_50: 0.5749  coco/bbox_mAP_75: 0.3420  coco/bbox_mAP_s: 0.0680  coco/bbox_mAP_m: 0.3358  coco/bbox_mAP_l: 0.7066  data_time: 0.0211  time: 0.1477
{'coco/bbox_mAP': 0.3441, 'coco/bbox_mAP_50': 0.5749, 'coco/bbox_mAP_75': 0.342, 'coco/bbox_mAP_s': 0.068, 'coco/bbox_mAP_m': 0.3358, 'coco/bbox_mAP_l': 0.7066}
12/29 03:23:36 - mmengine - INFO - Optimizer groups: 103 .bias, 103 conv.weight, 97 other
-> Setup new lr: 0.00055
12/29 03:24:49 - mmengine - INFO - Evaluating bbox...
Loading and preparing results...
DONE (t=0.05s)
creating index...
::::::::::::::::::::::::CATS:::: {2: {'supercategory': 'person', 'id': 2, 'name': 'person'}, 0: {'supercategory': 'vehicle', 'id': 0, 'name': 'bicycle'}, 1: {'supercategory': 'vehicle', 'id': 1, 'name': 'car'}}
index created!
Running per image evaluation...
Evaluate annotation type *bbox*
DONE (t=3.27s).
Accumulating evaluation results...
DONE (t=0.40s).
 Average Precision  (AP) @[ IoU=0.50:0.95 | area=   all | maxDets=100 ] = 0.345
 Average Precision  (AP) @[ IoU=0.50      | area=   all | maxDets=100 ] = 0.577
 Average Precision  (AP) @[ IoU=0.75      | area=   all | maxDets=100 ] = 0.344
 Average Precision  (AP) @[ IoU=0.50:0.95 | area= small | maxDets=100 ] = 0.069
 Average Precision  (AP) @[ IoU=0.50:0.95 | area=medium | maxDets=100 ] = 0.336
 Average Precision  (AP) @[ IoU=0.50:0.95 | area= large | maxDets=100 ] = 0.709
 Average Recall     (AR) @[ IoU=0.50:0.95 | area=   all | maxDets=  1 ] = 0.184
 Average Recall     (AR) @[ IoU=0.50:0.95 | area=   all | maxDets= 10 ] = 0.383
 Average Recall     (AR) @[ IoU=0.50:0.95 | area=   all | maxDets=100 ] = 0.452
 Average Recall     (AR) @[ IoU=0.50:0.95 | area= small | maxDets=100 ] = 0.219
 Average Recall     (AR) @[ IoU=0.50:0.95 | area=medium | maxDets=100 ] = 0.461
 Average Recall     (AR) @[ IoU=0.50:0.95 | area= large | maxDets=100 ] = 0.762
12/29 03:24:53 - mmengine - INFO - bbox_mAP_copypaste: 0.3453 0.5772 0.3437 0.0685 0.3357 0.7086
12/29 03:24:53 - mmengine - INFO - Epoch(val) [0][25/25]    coco/bbox_mAP: 0.3453  coco/bbox_mAP_50: 0.5772  coco/bbox_mAP_75: 0.3437  coco/bbox_mAP_s: 0.0685  coco/bbox_mAP_m: 0.3357  coco/bbox_mAP_l: 0.7086  data_time: 0.0265  time: 0.1472
{'coco/bbox_mAP': 0.3453, 'coco/bbox_mAP_50': 0.5772, 'coco/bbox_mAP_75': 0.3437, 'coco/bbox_mAP_s': 0.0685, 'coco/bbox_mAP_m': 0.3357, 'coco/bbox_mAP_l': 0.7086}
12/29 03:24:53 - mmengine - INFO - Optimizer groups: 103 .bias, 103 conv.weight, 97 other
-> Setup new lr: 0.0005
12/29 03:26:07 - mmengine - INFO - Evaluating bbox...
Loading and preparing results...
DONE (t=0.04s)
creating index...
::::::::::::::::::::::::CATS:::: {2: {'supercategory': 'person', 'id': 2, 'name': 'person'}, 0: {'supercategory': 'vehicle', 'id': 0, 'name': 'bicycle'}, 1: {'supercategory': 'vehicle', 'id': 1, 'name': 'car'}}
index created!
Running per image evaluation...
Evaluate annotation type *bbox*
DONE (t=3.18s).
Accumulating evaluation results...
DONE (t=0.38s).
 Average Precision  (AP) @[ IoU=0.50:0.95 | area=   all | maxDets=100 ] = 0.344
 Average Precision  (AP) @[ IoU=0.50      | area=   all | maxDets=100 ] = 0.576
 Average Precision  (AP) @[ IoU=0.75      | area=   all | maxDets=100 ] = 0.338
 Average Precision  (AP) @[ IoU=0.50:0.95 | area= small | maxDets=100 ] = 0.065
 Average Precision  (AP) @[ IoU=0.50:0.95 | area=medium | maxDets=100 ] = 0.335
 Average Precision  (AP) @[ IoU=0.50:0.95 | area= large | maxDets=100 ] = 0.707
 Average Recall     (AR) @[ IoU=0.50:0.95 | area=   all | maxDets=  1 ] = 0.182
 Average Recall     (AR) @[ IoU=0.50:0.95 | area=   all | maxDets= 10 ] = 0.383
 Average Recall     (AR) @[ IoU=0.50:0.95 | area=   all | maxDets=100 ] = 0.449
 Average Recall     (AR) @[ IoU=0.50:0.95 | area= small | maxDets=100 ] = 0.224
 Average Recall     (AR) @[ IoU=0.50:0.95 | area=medium | maxDets=100 ] = 0.455
 Average Recall     (AR) @[ IoU=0.50:0.95 | area= large | maxDets=100 ] = 0.757
12/29 03:26:11 - mmengine - INFO - bbox_mAP_copypaste: 0.3442 0.5762 0.3379 0.0647 0.3349 0.7071
12/29 03:26:11 - mmengine - INFO - Epoch(val) [0][25/25]    coco/bbox_mAP: 0.3442  coco/bbox_mAP_50: 0.5762  coco/bbox_mAP_75: 0.3379  coco/bbox_mAP_s: 0.0647  coco/bbox_mAP_m: 0.3349  coco/bbox_mAP_l: 0.7071  data_time: 0.0183  time: 0.1426
{'coco/bbox_mAP': 0.3442, 'coco/bbox_mAP_50': 0.5762, 'coco/bbox_mAP_75': 0.3379, 'coco/bbox_mAP_s': 0.0647, 'coco/bbox_mAP_m': 0.3349, 'coco/bbox_mAP_l': 0.7071}
12/29 03:26:11 - mmengine - INFO - Optimizer groups: 103 .bias, 103 conv.weight, 97 other
-> Setup new lr: 0.00046
12/29 03:27:24 - mmengine - INFO - Evaluating bbox...
Loading and preparing results...
DONE (t=0.18s)
creating index...
::::::::::::::::::::::::CATS:::: {2: {'supercategory': 'person', 'id': 2, 'name': 'person'}, 0: {'supercategory': 'vehicle', 'id': 0, 'name': 'bicycle'}, 1: {'supercategory': 'vehicle', 'id': 1, 'name': 'car'}}
index created!
Running per image evaluation...
Evaluate annotation type *bbox*
DONE (t=2.76s).
Accumulating evaluation results...
DONE (t=0.34s).
 Average Precision  (AP) @[ IoU=0.50:0.95 | area=   all | maxDets=100 ] = 0.346
 Average Precision  (AP) @[ IoU=0.50      | area=   all | maxDets=100 ] = 0.577
 Average Precision  (AP) @[ IoU=0.75      | area=   all | maxDets=100 ] = 0.344
 Average Precision  (AP) @[ IoU=0.50:0.95 | area= small | maxDets=100 ] = 0.068
 Average Precision  (AP) @[ IoU=0.50:0.95 | area=medium | maxDets=100 ] = 0.335
 Average Precision  (AP) @[ IoU=0.50:0.95 | area= large | maxDets=100 ] = 0.711
 Average Recall     (AR) @[ IoU=0.50:0.95 | area=   all | maxDets=  1 ] = 0.183
 Average Recall     (AR) @[ IoU=0.50:0.95 | area=   all | maxDets= 10 ] = 0.383
 Average Recall     (AR) @[ IoU=0.50:0.95 | area=   all | maxDets=100 ] = 0.450
 Average Recall     (AR) @[ IoU=0.50:0.95 | area= small | maxDets=100 ] = 0.221
 Average Recall     (AR) @[ IoU=0.50:0.95 | area=medium | maxDets=100 ] = 0.454
 Average Recall     (AR) @[ IoU=0.50:0.95 | area= large | maxDets=100 ] = 0.765
12/29 03:27:28 - mmengine - INFO - bbox_mAP_copypaste: 0.3458 0.5771 0.3440 0.0684 0.3354 0.7109
12/29 03:27:28 - mmengine - INFO - Epoch(val) [0][25/25]    coco/bbox_mAP: 0.3458  coco/bbox_mAP_50: 0.5771  coco/bbox_mAP_75: 0.3440  coco/bbox_mAP_s: 0.0684  coco/bbox_mAP_m: 0.3354  coco/bbox_mAP_l: 0.7109  data_time: 0.0199  time: 0.1476
{'coco/bbox_mAP': 0.3458, 'coco/bbox_mAP_50': 0.5771, 'coco/bbox_mAP_75': 0.344, 'coco/bbox_mAP_s': 0.0684, 'coco/bbox_mAP_m': 0.3354, 'coco/bbox_mAP_l': 0.7109}
12/29 03:27:28 - mmengine - INFO - Optimizer groups: 103 .bias, 103 conv.weight, 97 other
-> Setup new lr: 0.00042
12/29 03:28:41 - mmengine - INFO - Evaluating bbox...
Loading and preparing results...
DONE (t=0.18s)
creating index...
::::::::::::::::::::::::CATS:::: {2: {'supercategory': 'person', 'id': 2, 'name': 'person'}, 0: {'supercategory': 'vehicle', 'id': 0, 'name': 'bicycle'}, 1: {'supercategory': 'vehicle', 'id': 1, 'name': 'car'}}
index created!
Running per image evaluation...
Evaluate annotation type *bbox*
DONE (t=2.88s).
Accumulating evaluation results...
DONE (t=0.35s).
 Average Precision  (AP) @[ IoU=0.50:0.95 | area=   all | maxDets=100 ] = 0.341
 Average Precision  (AP) @[ IoU=0.50      | area=   all | maxDets=100 ] = 0.572
 Average Precision  (AP) @[ IoU=0.75      | area=   all | maxDets=100 ] = 0.342
 Average Precision  (AP) @[ IoU=0.50:0.95 | area= small | maxDets=100 ] = 0.062
 Average Precision  (AP) @[ IoU=0.50:0.95 | area=medium | maxDets=100 ] = 0.335
 Average Precision  (AP) @[ IoU=0.50:0.95 | area= large | maxDets=100 ] = 0.701
 Average Recall     (AR) @[ IoU=0.50:0.95 | area=   all | maxDets=  1 ] = 0.183
 Average Recall     (AR) @[ IoU=0.50:0.95 | area=   all | maxDets= 10 ] = 0.379
 Average Recall     (AR) @[ IoU=0.50:0.95 | area=   all | maxDets=100 ] = 0.444
 Average Recall     (AR) @[ IoU=0.50:0.95 | area= small | maxDets=100 ] = 0.214
 Average Recall     (AR) @[ IoU=0.50:0.95 | area=medium | maxDets=100 ] = 0.451
 Average Recall     (AR) @[ IoU=0.50:0.95 | area= large | maxDets=100 ] = 0.756
12/29 03:28:45 - mmengine - INFO - bbox_mAP_copypaste: 0.3410 0.5715 0.3418 0.0625 0.3347 0.7011
12/29 03:28:45 - mmengine - INFO - Epoch(val) [0][25/25]    coco/bbox_mAP: 0.3410  coco/bbox_mAP_50: 0.5715  coco/bbox_mAP_75: 0.3418  coco/bbox_mAP_s: 0.0625  coco/bbox_mAP_m: 0.3347  coco/bbox_mAP_l: 0.7011  data_time: 0.0227  time: 0.1472
{'coco/bbox_mAP': 0.341, 'coco/bbox_mAP_50': 0.5715, 'coco/bbox_mAP_75': 0.3418, 'coco/bbox_mAP_s': 0.0625, 'coco/bbox_mAP_m': 0.3347, 'coco/bbox_mAP_l': 0.7011}
12/29 03:28:45 - mmengine - INFO - Optimizer groups: 103 .bias, 103 conv.weight, 97 other
-> Setup new lr: 0.00037
12/29 03:29:58 - mmengine - INFO - Evaluating bbox...
Loading and preparing results...
DONE (t=0.23s)
creating index...
::::::::::::::::::::::::CATS:::: {2: {'supercategory': 'person', 'id': 2, 'name': 'person'}, 0: {'supercategory': 'vehicle', 'id': 0, 'name': 'bicycle'}, 1: {'supercategory': 'vehicle', 'id': 1, 'name': 'car'}}
index created!
Running per image evaluation...
Evaluate annotation type *bbox*
DONE (t=2.92s).
Accumulating evaluation results...
DONE (t=0.35s).
 Average Precision  (AP) @[ IoU=0.50:0.95 | area=   all | maxDets=100 ] = 0.341
 Average Precision  (AP) @[ IoU=0.50      | area=   all | maxDets=100 ] = 0.568
 Average Precision  (AP) @[ IoU=0.75      | area=   all | maxDets=100 ] = 0.341
 Average Precision  (AP) @[ IoU=0.50:0.95 | area= small | maxDets=100 ] = 0.064
 Average Precision  (AP) @[ IoU=0.50:0.95 | area=medium | maxDets=100 ] = 0.332
 Average Precision  (AP) @[ IoU=0.50:0.95 | area= large | maxDets=100 ] = 0.706
 Average Recall     (AR) @[ IoU=0.50:0.95 | area=   all | maxDets=  1 ] = 0.181
 Average Recall     (AR) @[ IoU=0.50:0.95 | area=   all | maxDets= 10 ] = 0.380
 Average Recall     (AR) @[ IoU=0.50:0.95 | area=   all | maxDets=100 ] = 0.446
 Average Recall     (AR) @[ IoU=0.50:0.95 | area= small | maxDets=100 ] = 0.223
 Average Recall     (AR) @[ IoU=0.50:0.95 | area=medium | maxDets=100 ] = 0.452
 Average Recall     (AR) @[ IoU=0.50:0.95 | area= large | maxDets=100 ] = 0.754
12/29 03:30:02 - mmengine - INFO - bbox_mAP_copypaste: 0.3408 0.5677 0.3405 0.0636 0.3319 0.7060
12/29 03:30:02 - mmengine - INFO - Epoch(val) [0][25/25]    coco/bbox_mAP: 0.3408  coco/bbox_mAP_50: 0.5677  coco/bbox_mAP_75: 0.3405  coco/bbox_mAP_s: 0.0636  coco/bbox_mAP_m: 0.3319  coco/bbox_mAP_l: 0.7060  data_time: 0.0177  time: 0.1431
{'coco/bbox_mAP': 0.3408, 'coco/bbox_mAP_50': 0.5677, 'coco/bbox_mAP_75': 0.3405, 'coco/bbox_mAP_s': 0.0636, 'coco/bbox_mAP_m': 0.3319, 'coco/bbox_mAP_l': 0.706}
12/29 03:30:02 - mmengine - INFO - Optimizer groups: 103 .bias, 103 conv.weight, 97 other
-> Setup new lr: 0.00032
12/29 03:31:16 - mmengine - INFO - Evaluating bbox...
Loading and preparing results...
DONE (t=0.15s)
creating index...
::::::::::::::::::::::::CATS:::: {2: {'supercategory': 'person', 'id': 2, 'name': 'person'}, 0: {'supercategory': 'vehicle', 'id': 0, 'name': 'bicycle'}, 1: {'supercategory': 'vehicle', 'id': 1, 'name': 'car'}}
index created!
Running per image evaluation...
Evaluate annotation type *bbox*
DONE (t=2.83s).
Accumulating evaluation results...
DONE (t=0.35s).
 Average Precision  (AP) @[ IoU=0.50:0.95 | area=   all | maxDets=100 ] = 0.340
 Average Precision  (AP) @[ IoU=0.50      | area=   all | maxDets=100 ] = 0.568
 Average Precision  (AP) @[ IoU=0.75      | area=   all | maxDets=100 ] = 0.336
 Average Precision  (AP) @[ IoU=0.50:0.95 | area= small | maxDets=100 ] = 0.062
 Average Precision  (AP) @[ IoU=0.50:0.95 | area=medium | maxDets=100 ] = 0.332
 Average Precision  (AP) @[ IoU=0.50:0.95 | area= large | maxDets=100 ] = 0.705
 Average Recall     (AR) @[ IoU=0.50:0.95 | area=   all | maxDets=  1 ] = 0.184
 Average Recall     (AR) @[ IoU=0.50:0.95 | area=   all | maxDets= 10 ] = 0.380
 Average Recall     (AR) @[ IoU=0.50:0.95 | area=   all | maxDets=100 ] = 0.441
 Average Recall     (AR) @[ IoU=0.50:0.95 | area= small | maxDets=100 ] = 0.213
 Average Recall     (AR) @[ IoU=0.50:0.95 | area=medium | maxDets=100 ] = 0.445
 Average Recall     (AR) @[ IoU=0.50:0.95 | area= large | maxDets=100 ] = 0.758
12/29 03:31:19 - mmengine - INFO - bbox_mAP_copypaste: 0.3401 0.5676 0.3360 0.0624 0.3319 0.7054
12/29 03:31:19 - mmengine - INFO - Epoch(val) [0][25/25]    coco/bbox_mAP: 0.3401  coco/bbox_mAP_50: 0.5676  coco/bbox_mAP_75: 0.3360  coco/bbox_mAP_s: 0.0624  coco/bbox_mAP_m: 0.3319  coco/bbox_mAP_l: 0.7054  data_time: 0.0152  time: 0.1436
{'coco/bbox_mAP': 0.3401, 'coco/bbox_mAP_50': 0.5676, 'coco/bbox_mAP_75': 0.336, 'coco/bbox_mAP_s': 0.0624, 'coco/bbox_mAP_m': 0.3319, 'coco/bbox_mAP_l': 0.7054}
12/29 03:31:19 - mmengine - INFO - Optimizer groups: 103 .bias, 103 conv.weight, 97 other
-> Setup new lr: 0.00028
12/29 03:32:33 - mmengine - INFO - Evaluating bbox...
Loading and preparing results...
DONE (t=0.04s)
creating index...
::::::::::::::::::::::::CATS:::: {2: {'supercategory': 'person', 'id': 2, 'name': 'person'}, 0: {'supercategory': 'vehicle', 'id': 0, 'name': 'bicycle'}, 1: {'supercategory': 'vehicle', 'id': 1, 'name': 'car'}}
index created!
Running per image evaluation...
Evaluate annotation type *bbox*
DONE (t=2.85s).
Accumulating evaluation results...
DONE (t=0.34s).
 Average Precision  (AP) @[ IoU=0.50:0.95 | area=   all | maxDets=100 ] = 0.340
 Average Precision  (AP) @[ IoU=0.50      | area=   all | maxDets=100 ] = 0.567
 Average Precision  (AP) @[ IoU=0.75      | area=   all | maxDets=100 ] = 0.339
 Average Precision  (AP) @[ IoU=0.50:0.95 | area= small | maxDets=100 ] = 0.061
 Average Precision  (AP) @[ IoU=0.50:0.95 | area=medium | maxDets=100 ] = 0.333
 Average Precision  (AP) @[ IoU=0.50:0.95 | area= large | maxDets=100 ] = 0.704
 Average Recall     (AR) @[ IoU=0.50:0.95 | area=   all | maxDets=  1 ] = 0.183
 Average Recall     (AR) @[ IoU=0.50:0.95 | area=   all | maxDets= 10 ] = 0.380
 Average Recall     (AR) @[ IoU=0.50:0.95 | area=   all | maxDets=100 ] = 0.444
 Average Recall     (AR) @[ IoU=0.50:0.95 | area= small | maxDets=100 ] = 0.218
 Average Recall     (AR) @[ IoU=0.50:0.95 | area=medium | maxDets=100 ] = 0.445
 Average Recall     (AR) @[ IoU=0.50:0.95 | area= large | maxDets=100 ] = 0.764
12/29 03:32:37 - mmengine - INFO - bbox_mAP_copypaste: 0.3404 0.5667 0.3392 0.0614 0.3333 0.7042
12/29 03:32:37 - mmengine - INFO - Epoch(val) [0][25/25]    coco/bbox_mAP: 0.3404  coco/bbox_mAP_50: 0.5667  coco/bbox_mAP_75: 0.3392  coco/bbox_mAP_s: 0.0614  coco/bbox_mAP_m: 0.3333  coco/bbox_mAP_l: 0.7042  data_time: 0.0265  time: 0.1499
{'coco/bbox_mAP': 0.3404, 'coco/bbox_mAP_50': 0.5667, 'coco/bbox_mAP_75': 0.3392, 'coco/bbox_mAP_s': 0.0614, 'coco/bbox_mAP_m': 0.3333, 'coco/bbox_mAP_l': 0.7042}
12/29 03:32:37 - mmengine - INFO - Optimizer groups: 103 .bias, 103 conv.weight, 97 other
-> Setup new lr: 0.00024
12/29 03:33:50 - mmengine - INFO - Evaluating bbox...
Loading and preparing results...
DONE (t=0.04s)
creating index...
::::::::::::::::::::::::CATS:::: {2: {'supercategory': 'person', 'id': 2, 'name': 'person'}, 0: {'supercategory': 'vehicle', 'id': 0, 'name': 'bicycle'}, 1: {'supercategory': 'vehicle', 'id': 1, 'name': 'car'}}
index created!
Running per image evaluation...
Evaluate annotation type *bbox*
DONE (t=2.84s).
Accumulating evaluation results...
DONE (t=0.34s).
 Average Precision  (AP) @[ IoU=0.50:0.95 | area=   all | maxDets=100 ] = 0.339
 Average Precision  (AP) @[ IoU=0.50      | area=   all | maxDets=100 ] = 0.563
 Average Precision  (AP) @[ IoU=0.75      | area=   all | maxDets=100 ] = 0.339
 Average Precision  (AP) @[ IoU=0.50:0.95 | area= small | maxDets=100 ] = 0.056
 Average Precision  (AP) @[ IoU=0.50:0.95 | area=medium | maxDets=100 ] = 0.332
 Average Precision  (AP) @[ IoU=0.50:0.95 | area= large | maxDets=100 ] = 0.709
 Average Recall     (AR) @[ IoU=0.50:0.95 | area=   all | maxDets=  1 ] = 0.183
 Average Recall     (AR) @[ IoU=0.50:0.95 | area=   all | maxDets= 10 ] = 0.376
 Average Recall     (AR) @[ IoU=0.50:0.95 | area=   all | maxDets=100 ] = 0.439
 Average Recall     (AR) @[ IoU=0.50:0.95 | area= small | maxDets=100 ] = 0.210
 Average Recall     (AR) @[ IoU=0.50:0.95 | area=medium | maxDets=100 ] = 0.440
 Average Recall     (AR) @[ IoU=0.50:0.95 | area= large | maxDets=100 ] = 0.764
12/29 03:33:54 - mmengine - INFO - bbox_mAP_copypaste: 0.3389 0.5626 0.3388 0.0565 0.3319 0.7090
12/29 03:33:54 - mmengine - INFO - Epoch(val) [0][25/25]    coco/bbox_mAP: 0.3389  coco/bbox_mAP_50: 0.5626  coco/bbox_mAP_75: 0.3388  coco/bbox_mAP_s: 0.0565  coco/bbox_mAP_m: 0.3319  coco/bbox_mAP_l: 0.7090  data_time: 0.0205  time: 0.1456
{'coco/bbox_mAP': 0.3389, 'coco/bbox_mAP_50': 0.5626, 'coco/bbox_mAP_75': 0.3388, 'coco/bbox_mAP_s': 0.0565, 'coco/bbox_mAP_m': 0.3319, 'coco/bbox_mAP_l': 0.709}
12/29 03:33:54 - mmengine - INFO - Optimizer groups: 103 .bias, 103 conv.weight, 97 other
-> Setup new lr: 0.00019
12/29 03:35:07 - mmengine - INFO - Evaluating bbox...
Loading and preparing results...
DONE (t=0.04s)
creating index...
::::::::::::::::::::::::CATS:::: {2: {'supercategory': 'person', 'id': 2, 'name': 'person'}, 0: {'supercategory': 'vehicle', 'id': 0, 'name': 'bicycle'}, 1: {'supercategory': 'vehicle', 'id': 1, 'name': 'car'}}
index created!
Running per image evaluation...
Evaluate annotation type *bbox*
DONE (t=2.77s).
Accumulating evaluation results...
DONE (t=0.34s).
 Average Precision  (AP) @[ IoU=0.50:0.95 | area=   all | maxDets=100 ] = 0.339
 Average Precision  (AP) @[ IoU=0.50      | area=   all | maxDets=100 ] = 0.560
 Average Precision  (AP) @[ IoU=0.75      | area=   all | maxDets=100 ] = 0.339
 Average Precision  (AP) @[ IoU=0.50:0.95 | area= small | maxDets=100 ] = 0.057
 Average Precision  (AP) @[ IoU=0.50:0.95 | area=medium | maxDets=100 ] = 0.331
 Average Precision  (AP) @[ IoU=0.50:0.95 | area= large | maxDets=100 ] = 0.710
 Average Recall     (AR) @[ IoU=0.50:0.95 | area=   all | maxDets=  1 ] = 0.182
 Average Recall     (AR) @[ IoU=0.50:0.95 | area=   all | maxDets= 10 ] = 0.377
 Average Recall     (AR) @[ IoU=0.50:0.95 | area=   all | maxDets=100 ] = 0.440
 Average Recall     (AR) @[ IoU=0.50:0.95 | area= small | maxDets=100 ] = 0.208
 Average Recall     (AR) @[ IoU=0.50:0.95 | area=medium | maxDets=100 ] = 0.444
 Average Recall     (AR) @[ IoU=0.50:0.95 | area= large | maxDets=100 ] = 0.765
12/29 03:35:11 - mmengine - INFO - bbox_mAP_copypaste: 0.3386 0.5601 0.3388 0.0566 0.3310 0.7096
12/29 03:35:11 - mmengine - INFO - Epoch(val) [0][25/25]    coco/bbox_mAP: 0.3386  coco/bbox_mAP_50: 0.5601  coco/bbox_mAP_75: 0.3388  coco/bbox_mAP_s: 0.0566  coco/bbox_mAP_m: 0.3310  coco/bbox_mAP_l: 0.7096  data_time: 0.0227  time: 0.1495
{'coco/bbox_mAP': 0.3386, 'coco/bbox_mAP_50': 0.5601, 'coco/bbox_mAP_75': 0.3388, 'coco/bbox_mAP_s': 0.0566, 'coco/bbox_mAP_m': 0.331, 'coco/bbox_mAP_l': 0.7096}
12/29 03:35:11 - mmengine - INFO - Optimizer groups: 103 .bias, 103 conv.weight, 97 other
-> Setup new lr: 0.00015
12/29 03:36:24 - mmengine - INFO - Evaluating bbox...
Loading and preparing results...
DONE (t=0.04s)
creating index...
::::::::::::::::::::::::CATS:::: {2: {'supercategory': 'person', 'id': 2, 'name': 'person'}, 0: {'supercategory': 'vehicle', 'id': 0, 'name': 'bicycle'}, 1: {'supercategory': 'vehicle', 'id': 1, 'name': 'car'}}
index created!
Running per image evaluation...
Evaluate annotation type *bbox*
DONE (t=2.81s).
Accumulating evaluation results...
DONE (t=0.35s).
 Average Precision  (AP) @[ IoU=0.50:0.95 | area=   all | maxDets=100 ] = 0.336
 Average Precision  (AP) @[ IoU=0.50      | area=   all | maxDets=100 ] = 0.561
 Average Precision  (AP) @[ IoU=0.75      | area=   all | maxDets=100 ] = 0.339
 Average Precision  (AP) @[ IoU=0.50:0.95 | area= small | maxDets=100 ] = 0.056
 Average Precision  (AP) @[ IoU=0.50:0.95 | area=medium | maxDets=100 ] = 0.328
 Average Precision  (AP) @[ IoU=0.50:0.95 | area= large | maxDets=100 ] = 0.705
 Average Recall     (AR) @[ IoU=0.50:0.95 | area=   all | maxDets=  1 ] = 0.182
 Average Recall     (AR) @[ IoU=0.50:0.95 | area=   all | maxDets= 10 ] = 0.375
 Average Recall     (AR) @[ IoU=0.50:0.95 | area=   all | maxDets=100 ] = 0.439
 Average Recall     (AR) @[ IoU=0.50:0.95 | area= small | maxDets=100 ] = 0.208
 Average Recall     (AR) @[ IoU=0.50:0.95 | area=medium | maxDets=100 ] = 0.444
 Average Recall     (AR) @[ IoU=0.50:0.95 | area= large | maxDets=100 ] = 0.758
12/29 03:36:28 - mmengine - INFO - bbox_mAP_copypaste: 0.3363 0.5609 0.3387 0.0559 0.3280 0.7047
12/29 03:36:28 - mmengine - INFO - Epoch(val) [0][25/25]    coco/bbox_mAP: 0.3363  coco/bbox_mAP_50: 0.5609  coco/bbox_mAP_75: 0.3387  coco/bbox_mAP_s: 0.0559  coco/bbox_mAP_m: 0.3280  coco/bbox_mAP_l: 0.7047  data_time: 0.0220  time: 0.1489
{'coco/bbox_mAP': 0.3363, 'coco/bbox_mAP_50': 0.5609, 'coco/bbox_mAP_75': 0.3387, 'coco/bbox_mAP_s': 0.0559, 'coco/bbox_mAP_m': 0.328, 'coco/bbox_mAP_l': 0.7047}
